#"Step","Potential Energy (kJ/mole)","Temperature (K)"
40000,-3300.9411373585463,297.9550841567655
80000,-3238.073374271393,297.68499422007875
120000,-3281.856591939926,292.5969308036018
160000,-3315.8882331848145,306.43431805552854
200000,-3309.4875078201294,290.6291573368019
240000,-3317.558576852083,297.760850606325
280000,-3322.159107297659,297.33811056600894
320000,-3295.064319856465,317.19196286011413
360000,-3254.005893960595,330.86969842136097
400000,-3335.5150466561317,306.98878255126056
440000,-3322.338998004794,308.6133129057461
480000,-3195.754869699478,305.096784129235
520000,-3308.478664815426,281.79447881161104
560000,-3213.082335591316,309.17624753230086
600000,-3414.527022869559,296.2344011767373
640000,-3245.5336450338364,298.6249032205231
680000,-3243.0553307384253,322.00011093762487
720000,-3169.8142338246107,295.9809693315812
760000,-3367.8229585886,296.92944873209046
800000,-3218.5296612381935,305.07970611581504
840000,-3305.3725451231003,293.6045620074748
880000,-3289.8312274217606,275.0370959245708
920000,-3338.9284547381103,302.49344651510427
960000,-3312.1881638765335,287.48290717527993
1000000,-3228.483617067337,297.7380632990333
1040000,-3238.72594320029,305.27847424478466
1080000,-3315.716743707657,306.91796338277766
1120000,-3297.033635675907,271.1334170606799
1160000,-3357.24980071187,287.769996661095
1200000,-3236.077378988266,285.61812126132463
1240000,-3381.9425692409277,303.44532744849596
1280000,-3361.158628463745,304.3560850257203
1320000,-3171.4547947645187,292.0639596173937
1360000,-3311.5931446552277,314.2195651419494
1400000,-3215.477081298828,297.99759184122524
1440000,-3231.577586144209,304.17008547547726
1480000,-3300.931930541992,294.48778117117854
1520000,-3289.124069213867,284.05188992533584
1560000,-3344.274946441874,300.3609638980809
1600000,-3323.896744966507,321.3975045438108
1640000,-3192.383162945509,297.51482825525807
1680000,-3319.013302087784,283.151152547937
1720000,-3276.6047809123993,281.75125821558294
1760000,-3263.5665841326118,306.4737551815426
1800000,-3259.3142302520573,289.9672981617024
1840000,-3290.753897666931,285.82327130789037
1880000,-3215.152051642537,322.91865756049975
1920000,-3295.920367548242,284.27142460982736
1960000,-3323.807877831161,303.4454621198086
2000000,-3317.811273574829,304.9244377537903
2040000,-3276.6621354297436,329.27880704271234
2080000,-3212.470863856375,299.95699614377656
2120000,-3317.8896889686584,299.0247820312471
2160000,-3270.220211148262,307.05055879212404
2200000,-3247.7068771205377,301.0663844664458
2240000,-3317.340983301401,295.73646617852035
2280000,-3261.130305700004,323.5618672414892
2320000,-3232.4555721879005,290.93027353493187
2360000,-3351.5607100725174,299.04321697459005
2400000,-3343.9339690208435,288.66788849067086
2440000,-3073.8392583057284,274.45318588239434
2480000,-3302.815008044243,280.90760722308033
2520000,-3325.9679651260376,312.7586856654151
2560000,-3211.26174390316,317.3573709430564
2600000,-3289.5691909119487,275.8429916368682
2640000,-3357.922884762287,295.2658007768514
2680000,-3226.0815383195877,311.1251391545081
2720000,-3283.7567548565567,301.726904401766
2760000,-3233.1869918964803,293.9597690866809
2800000,-3315.9820697307587,307.4971917263662
2840000,-3304.8526513334364,283.08701293512013
2880000,-3299.1386217586696,295.9915583670169
2920000,-3317.3064155578613,267.24095777737153
2960000,-3305.133155949414,325.6941776908796
3000000,-3372.2241015173495,315.05728734809145
3040000,-3283.8359603881836,299.7312022896643
3080000,-3370.9922503232956,317.10397194802596
3120000,-3295.72516095452,292.20468649710165
3160000,-3313.6305434703827,291.206935744336
3200000,-3342.28091442585,295.4843745595356
3240000,-3276.448956489563,301.8811994779067
3280000,-3287.857061982155,304.10571118142377
3320000,-3365.4396126270294,298.43338369489663
3360000,-3185.573955655098,302.0647951672365
3400000,-3275.5845419541,290.9576417167542
3440000,-3386.7881006598473,281.78408046367315
3480000,-3333.70094999671,282.9608319518457
3520000,-3344.9910805990803,291.8069392083654
3560000,-3250.6617953777313,295.55389338605613
3600000,-3254.3891795277596,286.91383420432277
3640000,-3320.5319323539734,283.89102391476916
3680000,-3258.656198859215,314.4715946997421
3720000,-3259.5294841916766,299.58103814685245
3760000,-3177.3027855455875,284.6067224502424
3800000,-3362.3172847777605,302.2225784737037
3840000,-3305.1563376784325,288.061084981306
3880000,-3277.2855195254087,312.0760778143091
3920000,-3294.547568798065,285.37184557344193
3960000,-3240.250688496977,297.1339556450528
4000000,-3295.133377695456,326.093549046082
4040000,-3322.8583372421563,321.1811740404565
4080000,-3335.2823686748743,297.00676663888515
4120000,-3259.951492369175,297.02928242528935
4160000,-3264.7104511260986,298.6743138196383
4200000,-3251.2861335277557,323.9778933195542
4240000,-3314.6477398872375,300.7283403577635
4280000,-3202.392491340637,290.7205392466317
4320000,-3226.445226997137,301.00553677143597
4360000,-3213.772263240069,293.3919454142153
4400000,-3329.520306363702,296.4860926709801
4440000,-3264.208638086915,291.86972610160626
4480000,-3203.495532181114,315.1209878163315
4520000,-3282.8277769088745,302.9698075014548
4560000,-3269.2958356142044,305.3660698230385
4600000,-3280.910165309906,281.7538019132809
4640000,-3335.326382137835,298.37266112818577
4680000,-3297.525457328651,288.55421405337165
4720000,-3184.0828034877777,297.56344941273966
4760000,-3298.088261246681,310.46823795440656
4800000,-3297.3237737566233,306.6846356388722
4840000,-3385.7977380752563,303.45005076296985
4880000,-3349.494662642479,310.93736425135
4920000,-3313.236727297306,308.13304723980696
4960000,-3292.2115889638662,255.24684163424078
5000000,-3246.9028049111366,305.9507960990336
5040000,-3282.455195426941,308.2601156982247
5080000,-3144.637352094054,300.4832235575599
5120000,-3259.6116941296495,296.4139892034379
5160000,-3405.5285320281982,287.3775823705927
5200000,-3262.3641424179077,319.5285715789486
5240000,-3380.9921041727066,287.48010986354177
5280000,-3260.033478498459,301.36860641154163
5320000,-3397.6305463202298,285.9193130436376
5360000,-3331.746224731207,287.53079741990405
5400000,-3274.09467536211,295.81497996062205
5440000,-3377.474492073059,309.314056041022
5480000,-3346.4911661557853,293.52957739072605
5520000,-3313.177193105221,307.1496605517864
5560000,-3258.4111328423023,325.86308436931813
5600000,-3355.6960841044784,326.7528112168262
5640000,-3179.845295779407,294.9322431304348
5680000,-3278.627785384655,275.7179248759174
5720000,-3327.792711853981,312.0052054841259
5760000,-3327.7110630460083,296.1122243483238
5800000,-3260.498401196208,303.37167478096177
5840000,-3295.993351004552,288.69089560769766
5880000,-3264.5225008428097,293.3603323661442
5920000,-3409.693576656282,303.9272580434492
5960000,-3293.230082511902,290.5933036887131
6000000,-3373.004676222801,299.09216139437206
6040000,-3200.9945051670074,276.69181773508063
6080000,-3314.3783446885645,281.6916072408536
6120000,-3317.9096930474043,299.229993078914
6160000,-3300.4790477752686,298.79180053877553
6200000,-3347.9628612995148,293.9610420634626
6240000,-3227.18426913023,288.3721504417611
6280000,-3200.1974568217993,282.2252394834967
6320000,-3222.8080189824104,312.7706104894782
6360000,-3289.4054849147797,299.4290218291633
6400000,-3313.4050508588552,316.9102722401929
6440000,-3305.983885554597,302.3063967331059
6480000,-3242.3467535972595,289.3574187988066
6520000,-3258.5574292838573,273.5766738450152
6560000,-3298.4307069778442,283.2401817692057
6600000,-3308.147751260549,315.3793369240196
6640000,-3281.037693273276,287.9098297941876
6680000,-3291.1657581329346,304.9875766677116
6720000,-3254.298538208008,316.35183736559685
6760000,-3311.9446911364794,284.9189156872487
6800000,-3295.6853533387184,296.0190322284737
6840000,-3337.01043510437,305.73075208580286
6880000,-3290.330406188965,329.07248022602386
6920000,-3304.8234251737595,260.9341313790988
6960000,-3195.832488268614,282.69713727076703
7000000,-3265.513397404924,280.37221311119305
7040000,-3279.258399859071,325.5268467951134
7080000,-3258.085294187069,308.1498905212004
7120000,-3255.92705065012,301.84135275661544
7160000,-3286.8731305174297,288.5609172639005
7200000,-3408.0068345069885,283.4774416964928
7240000,-3302.115400850773,293.9847428010404
7280000,-3314.613935135305,325.7252675299523
7320000,-3261.839022487402,289.3210056179903
7360000,-3202.5435904860497,308.4117330849942
7400000,-3241.505074337125,316.5979556548836
7440000,-3236.6248564720154,279.80931499261425
7480000,-3315.334143191576,289.814800450522
7520000,-3320.1090761721134,282.2910436033901
7560000,-3384.6348734498024,306.4333337885288
7600000,-3254.7918004989624,306.3324873287498
7640000,-3351.4778792858124,307.7318962049072
7680000,-3412.851146697998,304.2044831039775
7720000,-3274.707570195198,291.37111890794745
7760000,-3341.9759569838643,287.4835784119057
7800000,-3287.178991427645,306.6583825208084
7840000,-3181.829542160034,307.6220629198385
7880000,-3278.910320073366,293.7454613352126
7920000,-3260.1866188049316,296.06930643458236
7960000,-3260.2331153154373,309.5619038294453
8000000,-3279.112500399351,303.31651667455577
8040000,-3254.709565371275,313.21982114608755
8080000,-3172.3190984930843,333.05318387976587
8120000,-3320.8122791051865,295.1305297848933
8160000,-3300.628977894783,304.20404203688787
8200000,-3319.0654878616333,299.14067493799274
8240000,-3347.2815650701523,274.7481563030403
8280000,-3151.1378561258316,311.64332082935886
8320000,-3241.761770017445,285.7059148276465
8360000,-3241.9716097451746,308.2470298814312
8400000,-3292.977373600006,298.7884308243583
8440000,-3261.8385494947433,312.83312758789555
8480000,-3253.7935119122267,310.65802218358573
8520000,-3304.604671098292,287.5538644406038
8560000,-3362.304755076766,285.8056005777764
8600000,-3212.291318655014,285.1558223936881
8640000,-3167.9946580529213,340.4019736043822
8680000,-3225.2943560534623,313.54337227624495
8720000,-3316.1303791999817,309.59377313495065
8760000,-3327.5696692466736,294.08758777703775
8800000,-3172.364118022495,321.78821235017784
8840000,-3316.3505810275674,306.85199946932244
8880000,-3252.276162330061,297.5639912284796
8920000,-3233.158054023981,312.9431077375177
8960000,-3233.8259550333023,288.5762627072394
9000000,-3230.718051031232,306.9115793445118
9040000,-3326.573506295681,287.21745492218065
9080000,-3375.355520270765,308.16954347961797
9120000,-3334.245283126831,308.7159490975386
9160000,-3361.6419538259506,332.06034686663367
9200000,-3272.4361679553986,299.0675022048608
9240000,-3329.8447593823075,316.1978324522263
9280000,-3355.9682972518203,276.26645540197194
9320000,-3273.573338896036,294.96159649046353
9360000,-3303.0563396811485,314.6407936108611
9400000,-3267.086625754833,318.7590588680679
9440000,-3268.4355043172836,288.83589328903025
9480000,-3259.1604182720184,302.1216153141288
9520000,-3313.0334157943726,298.7865229703091
9560000,-3252.99289316684,318.1567318640705
9600000,-3314.718663888052,316.3038195169322
9640000,-3330.5016672416823,288.8153945840998
9680000,-3310.197461128235,311.6638772487184
9720000,-3284.9855591654778,292.79479875098036
9760000,-3198.1557097434998,299.5606029853865
9800000,-3324.109175682068,300.6755116861284
9840000,-3232.663288936019,314.22507243971165
9880000,-3285.229941755533,310.543246246517
9920000,-3364.2164722681046,309.4126428674226
9960000,-3302.635100364685,302.5515056787784
10000000,-3296.634380340576,284.67681491377436
10040000,-3282.6840890944004,302.31344931872474
10080000,-3287.9255695343018,309.7696814878045
10120000,-3369.0248463135213,301.1577248140775
10160000,-3339.0446553230286,291.13130820544086
10200000,-3166.1951207220554,310.086793028887
10240000,-3312.559983059764,296.6379467352282
10280000,-3154.0635793805122,278.1408831680193
10320000,-3354.8371536694467,310.2854547114622
10360000,-3276.2869501262903,286.9574214434029
10400000,-3309.6498483866453,312.36989870994745
10440000,-3255.7785988748074,300.66165770712115
10480000,-3325.4840448733885,285.3589091616129
10520000,-3205.675105512142,287.08970169243236
10560000,-3193.611057341099,290.84720049692896
10600000,-3325.1664519906044,298.79246735542773
10640000,-3314.919842004776,295.5236991865832
10680000,-3263.6689333319664,318.6418278787599
10720000,-3300.8315258026123,300.58639130388167
10760000,-3256.945262365043,323.95323956520474
10800000,-3246.645228127949,290.9943484768396
10840000,-3375.897235006094,299.42703157379543
10880000,-3379.7964976280928,301.06725809012613
10920000,-3343.5376408845186,288.51731675220987
10960000,-3285.8948221318424,281.45886575621506
11000000,-3292.82603931427,318.4355439908692
11040000,-3281.247961845249,307.6243835289384
11080000,-3299.322504878044,307.3194166782704
11120000,-3274.9786047935486,268.79159455307
11160000,-3156.8780917365802,300.0152966460101
11200000,-3301.200085543096,303.44550688863507
11240000,-3326.278201069683,298.8245236127334
11280000,-3245.581823825836,299.0991038364565
11320000,-3294.192078370601,272.05977013504753
11360000,-3240.0230993777514,298.73951741564946
11400000,-3295.080886363983,299.384603761957
11440000,-3374.9009680747986,310.22776840789214
11480000,-3282.415347099304,272.00378824863077
11520000,-3252.9878243971034,293.37886038468076
11560000,-3226.1028878092766,278.78682781500925
11600000,-3258.905027627945,322.02023592808246
11640000,-3285.8018924649805,300.6768520518882
11680000,-3258.612788369879,300.34554025986563
11720000,-3249.3024987205863,299.1332276730431
11760000,-3176.2934926748276,300.1752594650501
11800000,-3270.0742752552032,291.8269936527558
11840000,-3191.832691302523,285.43022874616537
11880000,-3318.167654988356,301.83300093842024
11920000,-3268.6450257338583,298.24665675008845
11960000,-3257.2454199790955,302.52706679488267
12000000,-3264.312888085842,303.73251252770837
12040000,-3322.0264691263437,321.7114104776117
12080000,-3313.165030479431,303.59304128922224
12120000,-3323.974023781717,302.23050021227
12160000,-3157.8008741140366,302.7064364770381
12200000,-3177.0774614810944,298.3190001144274
12240000,-3337.405529551208,302.90932949847837
12280000,-3263.9694385528564,298.0072686114011
12320000,-3256.0713703483343,296.6746211073913
12360000,-3251.3907500728965,291.86994421163314
12400000,-3283.2378747634057,306.91439902846133
12440000,-3294.4797059819102,315.9399525758422
12480000,-3308.6624779701233,301.19447439216844
12520000,-3235.990224480629,290.2292333062736
12560000,-3322.4288908606395,290.1718677266671
12600000,-3313.8678371999413,294.9239079424145
12640000,-3414.864690631628,307.3047429117976
12680000,-3387.8465573117137,290.0834793804519
12720000,-3345.9004106000066,280.52692516176074
12760000,-3308.5908925533295,286.78959443330547
12800000,-3393.573869228363,297.31462584975696
12840000,-3385.202444434166,296.7909034266905
12880000,-3405.481975823641,311.79352721083563
12920000,-3243.682707235217,288.79766174593897
12960000,-3255.862633265555,272.07035190993486
13000000,-3350.913770666113,305.6657425332677
13040000,-3387.3899250226095,324.86059919137995
13080000,-3363.868524737656,295.50926834538956
13120000,-3285.6710210107267,305.31705057900047
13160000,-3361.265324207023,318.72492507092255
13200000,-3392.308430045843,307.5632613167715
13240000,-3286.9957060813904,320.90569202060243
13280000,-3332.7691982463,300.41336227582383
13320000,-3271.4879769238178,305.62334195751515
13360000,-3319.783640742302,286.7688066320407
13400000,-3283.9115431904793,301.4298763775279
13440000,-3342.873080134392,281.37770785574907
13480000,-3355.7741922102286,287.46796116581805
13520000,-3285.244047936052,300.0482539365912
13560000,-3388.4118012865074,287.94479350139693
13600000,-3369.4144320115447,301.9922001972706
13640000,-3393.0761232078075,324.5107065183083
13680000,-3302.7674976587296,289.66070254932254
13720000,-3362.9437314271927,315.81294561092847
13760000,-3391.215392075479,301.9837490936628
13800000,-3495.67200690927,325.57852007841865
13840000,-3482.978499740362,291.1485921834779
13880000,-3283.7451041936874,302.0366959468783
13920000,-3289.334580361843,290.79558706787947
13960000,-3430.388383835554,298.4490285885141
14000000,-3352.615416251123,292.8766383923422
14040000,-3363.9660581350327,296.94737777771337
14080000,-3431.202358333394,291.06782487962636
14120000,-3290.542764313519,289.97146245763196
14160000,-3375.2516691088676,279.2469030925995
14200000,-3420.7428618967533,281.4127477611351
14240000,-3380.858515024185,295.2629480804924
14280000,-3348.139346718788,281.0214048437144
14320000,-3269.3794610649347,298.4263749746843
14360000,-3340.8808331489563,306.3420999736801
14400000,-3373.1817291229963,313.41469014483897
14440000,-3361.3261871933937,286.94405351652733
14480000,-3319.0754819884896,310.78808149206384
14520000,-3451.001916229725,294.61855299247077
14560000,-3362.1849160083802,290.83127853793417
14600000,-3419.973075352609,297.86460940501775
14640000,-3376.5276232054457,305.52407225496484
14680000,-3376.6298536509275,283.03475587744094
14720000,-3396.8013030113652,290.4050151422657
14760000,-3461.878729261458,309.53636544101545
14800000,-3347.9146554917097,313.82245751406737
14840000,-3390.9324921672232,307.27764095577743
14880000,-3358.512272119522,294.0992426108049
14920000,-3315.3447619131766,292.7688887294576
14960000,-3390.933263947256,300.67272614911
15000000,-3325.504468716681,307.6336868606457
15040000,-3378.45464739576,291.9676165535136
15080000,-3347.2802558019757,320.5564670183078
15120000,-3443.434407532215,296.30329040204094
15160000,-3434.9158969521523,292.89194323010275
15200000,-3410.3809000253677,298.6814421261002
15240000,-3325.2690111398697,289.0584929447714
15280000,-3348.5764403641224,316.6928354217578
15320000,-3282.1342929452658,288.9638408062902
15360000,-3323.3447035998106,294.4301407204413
15400000,-3372.825484437053,306.21596701710797
15440000,-3384.531004551798,289.080075146718
15480000,-3373.9006745815277,324.24974588760847
15520000,-3363.2905702998396,308.6686645720714
15560000,-3342.9924081257777,300.732523592323
15600000,-3320.515408694744,316.13760892180744
15640000,-3381.1483174338937,292.3219812890399
15680000,-3411.0080761909485,296.9394593848757
15720000,-3312.1865218281746,289.3829988609589
15760000,-3268.0137619376183,303.32066118395346
15800000,-3415.6207629851997,310.9280333426391
15840000,-3294.3771784743294,312.22958782339913
15880000,-3409.7112875580788,296.2394111161967
15920000,-3157.105003297329,289.73849889397087
15960000,-3399.8197606801987,299.40569604356307
16000000,-3395.4288014769554,278.5876281256024
16040000,-3342.8645976159605,302.890064751959
16080000,-3313.1418546829373,297.7844073833735
16120000,-3344.5464343726635,297.24281136238824
16160000,-3263.059312235564,313.5188954477354
16200000,-3301.173902223818,292.336356356864
16240000,-3357.2431889772415,303.6946052420948
16280000,-3229.2299642264843,267.04857937025787
16320000,-3352.238272028044,287.3250408127464
16360000,-3403.932677392848,287.2977048616873
16400000,-3381.3982604880875,300.129821128754
16440000,-3286.441825851798,284.8746402403282
16480000,-3401.74281107774,286.01984986513804
16520000,-3386.251340150833,286.10271966293783
16560000,-3243.698065549135,300.3507364126734
16600000,-3472.97033315897,284.3721820063587
16640000,-3309.3718471534085,287.16293198039415
16680000,-3374.75314270705,302.3544508557163
16720000,-3363.4004703760147,303.6303590208438
16760000,-3386.715404572431,308.1092429432644
16800000,-3393.879607565701,281.91031798463695
16840000,-3279.4361234903336,285.3797740605698
16880000,-3349.202438443899,305.59162270659715
16920000,-3323.5432965159416,283.2962156059298
16960000,-3219.495604692027,299.74714744278253
17000000,-3388.5749167203903,308.5365928246536
17040000,-3439.23359310627,314.250052356481
17080000,-3342.4336693286896,310.89006752214846
17120000,-3287.295264750719,289.2400593413279
17160000,-3330.8107927404344,312.5788007703331
17200000,-3297.9067426919937,339.3153596614606
17240000,-3314.782134860754,265.9874432714997
17280000,-3448.643031101674,309.97657261934296
17320000,-3261.4625754356384,312.0439541650969
17360000,-3354.9431038200855,329.11152178588173
17400000,-3359.4898369833827,304.2233969438391
17440000,-3308.63493360579,282.7528940674935
17480000,-3443.522995054722,286.09059232199326
17520000,-3280.1805397495627,306.99642653431675
17560000,-3291.362166941166,291.7396714139431
17600000,-3443.7162917256355,292.1466719802362
17640000,-3366.982879281044,311.1568565585643
17680000,-3377.307181501761,303.4840864450975
17720000,-3423.613386824727,302.24277340990085
17760000,-3420.6025569234043,300.836963524751
17800000,-3282.348854780197,313.58062378781904
17840000,-3382.7452177256346,301.3232088604342
17880000,-3321.1036354117095,305.67754875112837
17920000,-3386.7376060243696,325.2170691745527
17960000,-3404.592913709581,320.42036494662295
18000000,-3419.9230644330382,312.07135300804526
18040000,-3331.5948459506035,274.4001516512413
18080000,-3428.692551003769,303.0819086607415
18120000,-3402.3586333990097,311.01982465691026
18160000,-3396.499558568001,299.019609018387
18200000,-3277.924879380036,265.22065840077875
18240000,-3412.5384095776826,274.83045245235894
18280000,-3355.9052256299183,285.607955719972
18320000,-3408.7161054611206,315.43645850715245
18360000,-3424.6546924724244,316.74028271314086
18400000,-3348.0096859587356,309.62316995479864
18440000,-3402.447056176141,299.66760735219697
18480000,-3441.93739820458,309.0034890614338
18520000,-3326.0348659306765,284.38997926163154
18560000,-3307.0843415260315,301.4263169634691
18600000,-3426.4098584353924,278.1152159268185
18640000,-3444.237855322659,312.41831278854534
18680000,-3364.1678954437375,270.8563704292511
18720000,-3357.0926914811134,310.3332733762841
18760000,-3344.3133719414473,312.7559927052695
18800000,-3428.896803651005,300.1508265043874
18840000,-3293.4931847453117,299.3130278877576
18880000,-3373.774046641309,330.3225166715106
18920000,-3353.1727221012115,307.1067248868923
18960000,-3363.3058598339558,313.5443277436225
19000000,-3443.754109889269,295.39081269445234
19040000,-3392.064772963524,298.22779551259737
19080000,-3344.467677474022,322.61107605925923
19120000,-3331.4035730063915,315.72588162722576
19160000,-3367.0189299583435,310.7254555859631
19200000,-3394.7982336729765,301.0530783054791
19240000,-3278.498478540452,305.2400111665338
19280000,-3451.412804931402,271.73095277334335
19320000,-3442.8342802524567,304.5147139898714
19360000,-3393.65861898195,304.84983093740317
19400000,-3305.478712439537,297.1498802240143
19440000,-3334.963856846094,308.5253249416085
19480000,-3456.672233760357,319.9539246511488
19520000,-3409.748740464449,308.3885164838683
19560000,-3394.0281324386597,295.2907482947169
19600000,-3379.057954465039,309.1499225240215
19640000,-3374.3928647693247,301.3156553218674
19680000,-3378.4429245563224,316.24908591869945
19720000,-3312.5598112549633,302.29189372666843
19760000,-3406.9057119712234,305.1295930393132
19800000,-3357.425518453121,302.626702428511
19840000,-3332.277751252055,302.84279223890223
19880000,-3356.8311064578593,309.83206944939354
19920000,-3415.9859415590763,280.0159038967485
19960000,-3436.1413993239403,296.0184067470665
20000000,-3298.3595178350806,279.43439821475164
20040000,-3369.9870587587357,297.8515785655497
20080000,-3381.0711311474442,301.8214782421437
20120000,-3358.682082414627,325.23640322231347
20160000,-3306.3041394129395,289.9430844753607
20200000,-3362.6220128424466,296.23120573695684
20240000,-3373.8259171782993,307.7628648959022
20280000,-3391.826573807746,318.19839052949936
20320000,-3398.403039732948,285.06339600374844
20360000,-3400.7627293064725,302.5906878173197
20400000,-3332.9418859067373,292.5130525094796
20440000,-3368.9689823221415,301.20275388405645
20480000,-3352.0617945194244,292.8773328121099
20520000,-3310.905556321144,302.7239732413464
20560000,-3338.310289800167,269.41466548999716
20600000,-3370.036375939846,302.6698921944185
20640000,-3293.827767573064,286.2492149827038
20680000,-3417.685117483139,294.3254002537284
20720000,-3434.139993928373,307.2855694238705
20760000,-3407.454912751913,299.76413259087957
20800000,-3313.018784337677,307.46989013235304
20840000,-3412.8349291160703,303.84417068153033
20880000,-3320.003969241865,290.2192855564813
20920000,-3412.796594548039,307.94060243938054
20960000,-3262.8888494321145,285.5483769624659
21000000,-3379.308853805065,312.39216394983947
21040000,-3348.872394129634,306.92396436171384
21080000,-3299.3620707802474,327.3454281910301
21120000,-3368.263139002025,274.99196596147254
21160000,-3342.660710938275,303.0380985522073
21200000,-3342.0716569810174,315.31487085911255
21240000,-3288.613584816456,314.6225984862235
21280000,-3354.359377026558,302.93066199803206
21320000,-3248.472699057311,297.6787252226546
21360000,-3340.565162949264,324.55625476825725
21400000,-3378.8433924019337,288.6220385604457
21440000,-3400.131084688008,315.8006836272234
21480000,-3338.106124419719,296.0620555480417
21520000,-3428.3171567320824,271.6948350357404
21560000,-3312.862757229246,293.49294090753654
21600000,-3418.153978705406,304.9676001214502
21640000,-3483.0616236509536,280.51585214703204
21680000,-3348.60139554739,287.32944333578087
21720000,-3325.884219765663,315.1307595851898
21760000,-3353.0283984676353,292.5366715722328
21800000,-3358.9266402721405,292.8539504485545
21840000,-3424.4404044635594,308.7946592951427
21880000,-3271.066912174225,299.14703416515493
21920000,-3311.0930156111717,298.8959565962557
21960000,-3300.968728701584,309.298995760224
22000000,-3329.922831237316,299.154489498899
22040000,-3282.897234734148,306.5912151148397
22080000,-3307.4943727850914,296.17322918227575
22120000,-3283.612099211663,282.33229315966076
22160000,-3292.181209087372,288.1585651324291
22200000,-3309.3280650377274,303.61716173930694
22240000,-3452.4623700380325,317.8686465976541
22280000,-3366.4595825374126,294.82916760225345
22320000,-3348.0448819845915,279.25671596096436
22360000,-3312.6022860109806,290.4418340098843
22400000,-3366.6600936324394,307.7580028078765
22440000,-3257.880369633436,308.51545880465574
22480000,-3372.476518690586,301.9991513938897
22520000,-3309.7667124681175,288.72305329353685
22560000,-3415.4151233285666,308.08816954806474
22600000,-3466.9752663373947,289.32794962580743
22640000,-3363.744037568569,343.2878700596534
22680000,-3323.687216758728,309.23088505345765
22720000,-3312.0952302320948,300.4033013237544
22760000,-3359.994088292122,298.2248459418979
22800000,-3331.0292531251907,304.4030249313759
22840000,-3369.819789171219,302.8389744828567
22880000,-3429.271031975746,307.61594948146967
22920000,-3335.0606923140585,332.6726674825294
22960000,-3463.2446293085814,308.2248427143977
23000000,-3339.0734882950783,326.4439809481158
23040000,-3383.189143717289,297.08569551829163
23080000,-3445.01953925984,293.8108054010673
23120000,-3280.9556358084083,308.6301087719906
23160000,-3391.8337046690285,296.94479779191556
23200000,-3280.111683510244,303.63520131269826
23240000,-3268.969932258129,268.0428313625591
23280000,-3417.3157620429993,281.20793052256784
23320000,-3291.4942153692245,292.02375231806815
23360000,-3417.8459462062456,304.66757121484665
23400000,-3341.5335408904357,297.64378263428966
23440000,-3268.3032804578543,321.56652302177906
23480000,-3373.0563098192215,313.5939795714811
23520000,-3414.793924808502,300.85730829687964
23560000,-3471.817799806595,306.93541130932726
23600000,-3357.7612080574036,293.0628922983261
23640000,-3385.3972165118903,309.2190030976715
23680000,-3326.322254353203,311.2356147111242
23720000,-3334.9327554404736,296.1398141276864
23760000,-3375.902364773676,301.6422713708068
23800000,-3384.61138227582,304.96775242262976
23840000,-3396.556521743536,311.62805111320785
23880000,-3411.047268828377,301.71642027090746
23920000,-3313.625483561307,301.5897195097757
23960000,-3325.581742102746,288.78183797517255
24000000,-3427.4441729187965,283.6041162826057
24040000,-3459.574591998011,303.7755234287907
24080000,-3331.4411795288324,294.87486587311287
24120000,-3276.177596516907,292.19499991620495
24160000,-3474.5022292882204,331.6356159620808
24200000,-3393.4921580553055,308.58648862519226
24240000,-3315.1036043167114,311.6446379189992
24280000,-3434.4763153791428,305.84177023224004
24320000,-3403.3299384713173,280.5310562927585
24360000,-3410.6509853079915,282.54159095214686
24400000,-3300.006366699934,302.2942277557763
24440000,-3444.1776498779655,299.2154536882267
24480000,-3325.663855969906,312.22276996736645
24520000,-3356.7578027695417,299.57477588090734
24560000,-3394.9582885056734,297.1431310435156
24600000,-3349.6598460823298,303.3766838975329
24640000,-3361.9420761838555,294.18816669761475
24680000,-3368.998174202512,307.3713600237401
24720000,-3323.0168242529035,289.26683368633263
24760000,-3376.3065073490143,297.713596626311
24800000,-3406.183555036783,313.82045382429334
24840000,-3314.590888261795,275.779408504869
24880000,-3376.5399507566763,269.96000491034414
24920000,-3389.9403878506273,309.8670406880309
24960000,-3400.9424499031156,305.8530311797922
25000000,-3325.932253682986,282.75597465189946
25040000,-3323.8142031620955,286.10170147693617
25080000,-3465.6910557746887,317.50169944986436
25120000,-3380.071854630485,277.66697455049206
25160000,-3354.1375963911414,301.37580377325696
25200000,-3429.9596267882735,279.50855608950707
25240000,-3419.919541108422,311.5084279830728
25280000,-3360.8441799283028,286.56809474454604
25320000,-3354.3372235875577,274.102244608671
25360000,-3419.174676209688,276.27125524431466
25400000,-3324.0055168904364,308.69677629583975
25440000,-3506.0176549442112,309.81740160810614
25480000,-3353.114830762148,316.5522843816872
25520000,-3305.571425795555,288.912730469161
25560000,-3349.636428397149,298.3412382600184
25600000,-3360.0597785562277,309.64670485112345
25640000,-3326.8115000724792,281.4294754174656
25680000,-3295.205490041175,287.49767735242546
25720000,-3318.9120416790247,308.3718170849128
25760000,-3363.669528310653,297.00866345373805
25800000,-3361.595112366602,315.5084168042366
25840000,-3475.14734095335,301.29820766668536
25880000,-3498.1685922145844,300.9014371428052
25920000,-3372.6625554189086,280.87417145084123
25960000,-3410.235057115555,324.3975588046089
26000000,-3455.679111085832,292.56467777010914
26040000,-3348.256037503481,319.70809490301536
26080000,-3299.035087845288,305.05274893442714
26120000,-3386.4407369978726,297.1397485884856
26160000,-3439.363109853817,324.0034744962172
26200000,-3313.897799886763,283.3335998367755
26240000,-3481.859537124634,282.04528419877425
26280000,-3289.9449508190155,284.11209709658146
26320000,-3318.4626755416393,315.05761856400136
26360000,-3390.085966810584,297.544984912776
26400000,-3466.401286840439,327.69677055636464
26440000,-3296.664554923773,300.5619959549682
26480000,-3378.4125947258435,298.4600220681228
26520000,-3456.1589419692755,294.8254128327831
26560000,-3369.783625920769,309.4580291118707
26600000,-3414.7726434562355,308.06464724251487
26640000,-3270.2428244948387,274.46233694855124
26680000,-3393.5156468227506,302.08482481516535
26720000,-3267.1523680090904,306.39600672644855
26760000,-3385.4269754737616,335.5389482709575
26800000,-3368.2067619115114,322.4814800480536
26840000,-3349.378629717976,307.40257934910017
26880000,-3322.5373650491238,297.2394429462406
26920000,-3342.9165974110365,306.32777548956386
26960000,-3382.080061465502,294.95760727155994
27000000,-3345.37589430809,277.71323913582944
27040000,-3384.080650627613,299.3460676135783
27080000,-3395.8957950025797,331.2410447210769
27120000,-3329.6820855140686,307.62782483560363
27160000,-3315.202964425087,280.4997166871116
27200000,-3369.7513673603535,310.80572396870735
27240000,-3303.430634573102,332.2365387039783
27280000,-3326.2723960876465,288.8096647678068
27320000,-3372.672276943922,306.78956839542093
27360000,-3398.0505069866776,310.28254309098935
27400000,-3479.593503475189,303.77671153485704
27440000,-3354.802790366113,289.2401082968298
27480000,-3344.4680857658386,270.9610648117854
27520000,-3368.1500182002783,284.2621345663487
27560000,-3424.146380716935,300.9123148558102
27600000,-3332.642124645412,293.80140830549783
27640000,-3424.1804180569015,292.4143161360858
27680000,-3342.77268605493,298.2033852316311
27720000,-3419.431563165039,327.23424526587115
27760000,-3284.6126195965335,277.2474355491103
27800000,-3301.105272948742,299.8189312939169
27840000,-3463.8424440974195,281.9541875924769
27880000,-3308.370514765382,294.23593980976773
27920000,-3349.380687320605,289.82034342678315
27960000,-3418.2215824127197,331.90991034197657
28000000,-3467.2103662490845,293.51069168622155
28040000,-3324.150664150715,313.52255561630136
28080000,-3446.1043051183224,302.5952826760687
28120000,-3408.278369486332,307.2283234230705
28160000,-3413.5336761604995,324.6986088471168
28200000,-3351.4431464374065,297.25642994803235
28240000,-3400.034884585999,300.9306868584567
28280000,-3455.3374119573273,302.03932896406127
28320000,-3408.0438524484634,304.16779026612545
28360000,-3420.9177117049694,299.8228101447733
28400000,-3565.3289287127554,294.0462602826163
28440000,-3381.951350212097,309.7632236721956
28480000,-3277.011355102062,315.3796966930757
28520000,-3442.964443743229,315.2120584621173
28560000,-3319.407144810073,304.87700161483605
28600000,-3378.376995895058,291.24925096520656
28640000,-3297.991863965988,308.4623159327398
28680000,-3394.268314700108,281.07021648321586
28720000,-3401.5730272028595,268.77537614494696
28760000,-3380.7792956233025,296.0270104403039
28800000,-3352.8227818012238,296.0520055658625
28840000,-3399.9556580088392,287.51434023876834
28880000,-3306.1238192915916,293.5608511370103
28920000,-3411.4046152513474,292.9486973389982
28960000,-3457.9630306623876,297.57353349450716
29000000,-3440.4003543257713,301.0615846467984
29040000,-3271.9009423414245,305.4476102679189
29080000,-3402.5404830276966,307.6680841918801
29120000,-3282.6052887402475,330.5163618577747
29160000,-3304.581578567624,268.58491404137254
29200000,-3347.0371786355972,303.06056865147895
29240000,-3372.4598355591297,314.36376085529884
29280000,-3367.3602700247284,289.1518184254628
29320000,-3410.728595495224,314.9707832670743
29360000,-3325.4851798592135,320.5108162709492
29400000,-3391.608024582267,291.56316389892584
29440000,-3447.486932310887,300.63815954206495
29480000,-3386.494082391262,314.313842534175
29520000,-3372.7388789206743,302.2199887420986
29560000,-3358.2618885040283,308.6768342440163
29600000,-3466.287061303854,303.9075888683753
29640000,-3334.4091497370973,320.1159880745691
29680000,-3387.3049985170364,311.38588650098586
29720000,-3373.6148696541786,289.4504143489238
29760000,-3383.0952417850494,282.67904807028765
29800000,-3327.3181305006146,304.81261693898784
29840000,-3445.6565275266767,284.8759856605542
29880000,-3484.2084485068917,302.6682066910035
29920000,-3526.1700030490756,320.2449206382786
29960000,-3316.605657249689,297.48462073778404
30000000,-3497.8818986564875,306.24955022201556
30040000,-3444.677253589034,299.26804354072647
30080000,-3357.772206882015,300.45711313592085
30120000,-3358.474969535251,297.2810296084654
30160000,-3408.134118363261,323.6023268797687
30200000,-3356.9709084928036,277.1631226172614
30240000,-3390.1783580332994,273.15216643806406
30280000,-3431.660005673766,309.4609542753455
30320000,-3472.5356742590666,299.65352242517986
30360000,-3499.201991081238,299.3360926458809
30400000,-3400.1451649069786,305.25680009777346
30440000,-3405.1260675936937,301.4518559414891
30480000,-3379.15024125576,278.3837550872871
30520000,-3495.5102800130844,304.51162724747013
30560000,-3386.413321495056,293.5970522183975
30600000,-3414.243319809437,288.4244814563937
30640000,-3347.7684328071773,304.2994997719181
30680000,-3383.224770830944,276.5503187502751
30720000,-3430.709348022938,296.6389314532058
30760000,-3479.4566019773483,293.66332074568135
30800000,-3460.010223449208,329.90796245829887
30840000,-3426.133264842996,328.1401992252774
30880000,-3499.975581586361,303.3584612398182
30920000,-3423.9267950784415,293.81156062792786
30960000,-3495.627087123692,299.84218376144906
31000000,-3444.852474927902,285.98198908832507
31040000,-3324.4436950380914,325.3772215019103
31080000,-3465.859599357471,325.02292731318335
31120000,-3408.4145119786263,301.2368149087974
31160000,-3468.746157884598,291.5543237380804
31200000,-3501.1936145164073,295.8154345404532
31240000,-3518.051600164734,294.1785820364954
31280000,-3484.7318987846375,297.23783473769845
31320000,-3338.27014914155,286.85230166965243
31360000,-3399.224971950054,309.35576841161856
31400000,-3432.448828802444,300.82152539960396
31440000,-3442.6536884605885,319.57740776111456
31480000,-3448.0306299626827,311.8505930186466
31520000,-3495.753286600113,271.22419945839926
31560000,-3362.1591632403433,309.15666202509055
31600000,-3437.2527197897434,290.02145022739467
31640000,-3433.546155631542,292.7948200777431
31680000,-3447.328638613224,330.95322705682366
31720000,-3433.6656725574285,321.94384404271483
31760000,-3404.7081373929977,304.1299959080049
31800000,-3448.002741815988,284.16890266673676
31840000,-3424.4280049800873,321.7604656720043
31880000,-3477.0709816217422,272.9700626303669
31920000,-3574.6952560916543,307.1632286201005
31960000,-3531.208006516099,309.87834723413073
32000000,-3473.470522403717,310.5037173616376
32040000,-3354.155829191208,318.438440226359
32080000,-3501.6276162341237,295.47563866535825
32120000,-3483.119828388095,305.1013453301003
32160000,-3492.6968837976456,321.1369695903369
32200000,-3477.949279099703,310.16186111753876
32240000,-3443.754039645195,303.9901830025385
32280000,-3421.2609695084393,297.5052362098642
32320000,-3461.9187576435506,307.27506722412505
32360000,-3335.4277845025063,288.85127756429654
32400000,-3309.742007315159,280.02349491626137
32440000,-3481.590122938156,294.5114658248553
32480000,-3331.711026355624,303.80001783860394
32520000,-3476.218419060111,294.23704997085025
32560000,-3407.4423830509186,313.41626601768246
32600000,-3451.6675761155784,271.97380668863775
32640000,-3388.7541386727244,305.14678250576287
32680000,-3444.730136975646,318.3615081944552
32720000,-3383.239987436682,303.75622897337234
32760000,-3475.5869782865047,304.3866456656957
32800000,-3384.835065841675,260.18710395602403
32840000,-3476.32126153633,295.6698432641424
32880000,-3379.117594450712,296.879878801983
32920000,-3453.6765830516815,288.3965436031391
32960000,-3362.4497757554054,316.3827109695685
33000000,-3509.7834879904985,313.4095906755358
33040000,-3438.369851708412,302.1433385772174
33080000,-3523.804375216365,283.13903362622204
33120000,-3429.425478219986,301.8911669135661
33160000,-3462.9059711424634,290.49532899350606
33200000,-3437.776991442777,312.5886916422504
33240000,-3376.852282570675,309.53899697885436
33280000,-3473.5481406897306,302.87468436271627
33320000,-3480.2120371004567,304.43095401838224
33360000,-3435.548987686634,338.06301226482856
33400000,-3511.5428428798914,285.60694218480165
33440000,-3536.022082924843,297.9792941225399
33480000,-3513.4280763864517,290.0330795623657
33520000,-3502.2535709142685,312.52402791384264
33560000,-3455.99053149065,294.2187133270159
33600000,-3420.177430990967,290.9876461868132
33640000,-3508.8954292982817,302.64333232452975
33680000,-3414.614758864045,301.6126117846059
33720000,-3431.151862025261,313.72303247355796
33760000,-3504.8167676713783,312.1453893013158
33800000,-3524.3376165628433,286.96202923677305
33840000,-3437.601048294455,297.66362521181696
33880000,-3387.055412128102,323.78957294109773
33920000,-3444.5850252062082,318.0093974453226
33960000,-3490.3491456361953,286.81569639227655
34000000,-3442.454817013815,323.93746454397416
34040000,-3449.038950100541,296.62848561495593
34080000,-3478.7528377771378,284.5565703615209
34120000,-3487.0556652960368,319.8623024713916
34160000,-3485.798964366317,291.50698589277795
34200000,-3468.2739709690213,308.41070401109846
34240000,-3459.922187399119,308.29184781274944
34280000,-3459.2585865855217,270.3196278505968
34320000,-3327.1010016202927,317.67581933090474
34360000,-3388.088988915086,291.05368027955
34400000,-3453.571881711483,322.8388517214458
34440000,-3417.548701763153,290.35065234154774
34480000,-3428.070519939065,313.5583680184622
34520000,-3442.2773144692183,288.88538293324194
34560000,-3480.9248045682907,320.39672993516444
34600000,-3475.2850938886404,330.0930205546365
34640000,-3448.840131342411,322.95387353894324
34680000,-3463.437236726284,273.5511723189011
34720000,-3477.532342389226,333.61415422122565
34760000,-3528.8793696798384,296.77140789566516
34800000,-3365.655590057373,336.2255044352249
34840000,-3366.048633221537,345.72092105676614
34880000,-3442.390622676816,310.5087782825828
34920000,-3397.522023141384,286.8890110348183
34960000,-3526.97640178632,306.3153365673289
35000000,-3521.824065685272,297.1368542633067
35040000,-3502.1787292659283,284.0366242406536
35080000,-3400.927872262895,285.1987658274568
35120000,-3459.8403145885095,324.73927448661874
35160000,-3418.0128799271333,293.0233315879198
35200000,-3493.3647239506245,302.5068589941027
35240000,-3395.9615106351557,296.246741836557
35280000,-3398.69286828395,299.2055635425595
35320000,-3486.4201868772507,299.61411321489084
35360000,-3443.155044125393,282.9189079991757
35400000,-3450.4083231687546,318.0406139457261
35440000,-3403.6973511725664,310.3681335284333
35480000,-3412.1601451151073,289.7339798234186
35520000,-3394.765344530344,292.42414449290476
35560000,-3458.6517240852118,329.6005251352675
35600000,-3490.145401060581,304.31229150526485
35640000,-3501.3118030913174,302.628947036493
35680000,-3469.0564920678735,299.99991533040804
35720000,-3547.2937669577077,292.330027354004
35760000,-3367.1482083052397,289.2112162476234
35800000,-3560.7229989673942,266.0920417782874
35840000,-3332.0414635417983,308.71399035912975
35880000,-3517.2826655060053,300.4387720272103
35920000,-3460.9342501685023,312.6148458233844
35960000,-3566.6171927452087,311.54887656263327
36000000,-3468.2656325604767,314.8685668756415
36040000,-3484.576812312007,293.73791644136435
36080000,-3382.7461138188373,292.60285804912127
36120000,-3483.4372678995132,297.7171989906427
36160000,-3428.200101107359,312.99793890900906
36200000,-3503.3886466249824,314.6431323684036
36240000,-3422.442625693977,301.4176703014121
36280000,-3496.102804257069,313.21786719077727
36320000,-3522.112109184265,297.3490388861491
36360000,-3417.021822765004,291.2959086534044
36400000,-3441.063691020012,279.07729448468444
36440000,-3538.861265107058,287.67559079288947
36480000,-3468.3769024908543,312.28833735414105
36520000,-3482.436353944242,284.7382649936822
36560000,-3509.980007746257,300.20813241496126
36600000,-3487.7406294345856,285.5033513626738
36640000,-3507.9861338101327,298.57587636843
36680000,-3428.699246894568,325.69801576045194
36720000,-3408.512981593609,316.25991938755453
36760000,-3475.4817392230034,299.05696090474873
36800000,-3473.189636722207,297.31625680339704
36840000,-3409.2686808109283,300.1573580080225
36880000,-3446.493071064353,322.0294343879133
36920000,-3483.3429179936647,299.8584297080181
36960000,-3421.7582490593195,318.185733252958
37000000,-3383.243768101558,306.1822075989445
37040000,-3496.813710610615,336.7169848879105
37080000,-3485.5358172282577,307.75675261560446
37120000,-3353.501682206057,297.3972411623093
37160000,-3504.363570407033,303.3195526725518
37200000,-3580.879534125328,285.30554728381526
37240000,-3471.2967690229416,305.8479482024177
37280000,-3423.0212917625904,292.13257253017
37320000,-3343.26306598261,300.8557573615502
37360000,-3504.28793894127,288.99708540759684
37400000,-3409.333475632593,310.7531173792672
37440000,-3455.477141946554,280.73734736505855
37480000,-3519.6174949370325,275.06020905653713
37520000,-3516.5312528014183,312.54058444091174
37560000,-3534.87275236845,281.0533368019542
37600000,-3527.598986774683,319.68761961964964
37640000,-3504.8401903286576,309.22155151306634
37680000,-3456.416537463665,319.4280149554201
37720000,-3377.775854829699,298.42649865389956
37760000,-3362.1271469816566,317.91594202760984
37800000,-3504.3130942434072,302.7245720169573
37840000,-3447.1288972198963,312.5860307303294
37880000,-3497.4461554661393,318.646529510423
37920000,-3444.484892555898,308.37116277752745
37960000,-3436.6941589713097,318.5759722897975
38000000,-3414.254189029336,297.92298274237277
38040000,-3367.0409346818924,314.45772939016
38080000,-3347.5945331454277,310.3950276046447
38120000,-3450.7702036499977,302.12166262531855
38160000,-3378.1331526748836,285.2293777454213
38200000,-3446.6945735774934,307.8670985001001
38240000,-3457.49455698207,284.8404605664345
38280000,-3416.42313747108,301.41693364468773
38320000,-3464.4088546533603,284.4843135419818
38360000,-3337.794068628922,306.59334155649356
38400000,-3462.640088826418,303.94182852330107
38440000,-3476.0930515378714,303.91200857932796
38480000,-3441.541507154703,314.4623281598242
38520000,-3488.5670658946037,300.6782809977051
38560000,-3521.7331196145387,303.7744389812556
38600000,-3419.6126803718507,275.08200553788316
38640000,-3400.5816237851977,299.14431973036096
38680000,-3493.6339081991464,282.83085118086996
38720000,-3538.7156548621642,331.4501670153316
38760000,-3348.3985649487004,280.64513567035505
38800000,-3498.5165869891644,312.921231203452
38840000,-3553.924244940281,285.5240721224672
38880000,-3447.1174767911434,286.10827343875224
38920000,-3441.9830368459225,306.068668537977
38960000,-3305.6902726888657,277.4782037984027
39000000,-3465.460251659155,304.5651119796426
39040000,-3391.950277192518,307.7939289081949
39080000,-3359.359925597906,303.94505523868935
39120000,-3431.0569487333996,302.1059763637553
39160000,-3423.9033151865005,286.34267099391116
39200000,-3433.415190398693,326.2345229896695
39240000,-3472.651796326041,303.871493141811
39280000,-3503.776326456107,319.6250010385228
39320000,-3404.996141977608,286.04805034979387
39360000,-3482.9229728877544,308.4643862120311
39400000,-3374.2546434402466,304.43226405246406
39440000,-3471.777395941317,290.45442144830594
39480000,-3478.1873541306704,293.1727450029122
39520000,-3417.3037915229797,300.34342214714826
39560000,-3500.3941552639008,311.1236751807914
39600000,-3360.12095490098,325.1703552893393
39640000,-3496.17792359367,289.2546975596169
39680000,-3469.4355033356696,303.36822137086085
39720000,-3384.5010209520697,300.66440304610063
39760000,-3436.5371692478657,295.7451480412544
39800000,-3441.0385900214314,330.0532756206112
39840000,-3494.381491840817,318.5491705444709
39880000,-3381.821499720216,284.3129451217989
39920000,-3400.2165085915476,308.97260750580483
39960000,-3440.1466715727,302.4093949669024
40000000,-3351.2611573934555,300.9826116376948
