#"Step","Potential Energy (kJ/mole)","Temperature (K)"
40000,-3316.7179205417633,299.29826622062296
80000,-3290.1957551403902,292.5772600252137
120000,-3246.050793569535,320.24804260478436
160000,-3266.6555356574245,303.1276905770132
200000,-3292.5609827041626,290.23937887526125
240000,-3314.5694348812103,294.3214377779586
280000,-3280.4224936789833,285.45878906845127
320000,-3152.0134638547897,301.9694441460638
360000,-3268.26686070289,302.4838044317885
400000,-3317.902169942856,284.3067047775756
440000,-3301.057282358408,305.97299945343923
480000,-3315.1838514208794,321.65597719844686
520000,-3329.8255848884583,291.3258790058166
560000,-3252.0015149116516,298.8387334576907
600000,-3254.2784757614136,297.42302763639594
640000,-3313.7653279304504,305.6998278315018
680000,-3326.2407693192363,286.5885772035357
720000,-3240.513781309128,322.80465285805354
760000,-3244.4965764284134,301.3757104940496
800000,-3282.101835012436,302.7646354321367
840000,-3284.3156611919403,317.4061526320636
880000,-3334.177860856056,284.96934384958666
920000,-3211.180198431015,303.09589383550576
960000,-3286.3901376724243,298.30619576541415
1000000,-3247.966935189441,315.89523601595323
1040000,-3266.217968985351,275.17018389399146
1080000,-3310.0751814246178,306.73685678670677
1120000,-3313.9012481402606,279.94646351597294
1160000,-3342.7171643972397,317.1877925936086
1200000,-3234.469497203827,291.63837765440417
1240000,-3254.9342429973185,304.46325977089447
1280000,-3173.84543800354,310.3412416046162
1320000,-3320.766096159816,297.8394257838895
1360000,-3307.2565717697144,292.35495202598486
1400000,-3285.542652130127,295.8769477328586
1440000,-3322.6573183983564,272.24185904290454
1480000,-3272.2294688224792,319.7170104877124
1520000,-3299.166751742363,298.33063504074306
1560000,-3313.484578728676,301.0921206521079
1600000,-3262.557511806488,294.35240519679587
1640000,-3232.1599519252777,323.808362539974
1680000,-3352.7007331848145,322.50629396250633
1720000,-3290.913818001747,298.91697277876347
1760000,-3319.678287890274,307.91162795493443
1800000,-3274.2885105647147,306.94607972858097
1840000,-3359.78400939703,286.3997237758316
1880000,-3280.63003602095,302.92361428287654
1920000,-3297.287422180176,303.01967127365776
1960000,-3350.6816072687507,285.6090200496968
2000000,-3299.4267176389694,302.4100427975818
2040000,-3254.292321741581,298.6627532226745
2080000,-3271.0711852456443,307.88112258415106
2120000,-3255.5236316919327,296.82793385563957
2160000,-3197.0025210380554,310.9485175098783
2200000,-3332.4216690063477,279.8186801131698
2240000,-3297.5672186613083,287.63202933959127
2280000,-3226.0544275045395,301.66311526122337
2320000,-3254.994266152382,294.01025995885755
2360000,-3223.1113791316748,301.3457380053494
2400000,-3348.135642051697,306.7498759825023
2440000,-3328.3212563097477,325.2229979892213
2480000,-3315.868758022785,295.4285783539815
2520000,-3367.243879944086,314.65753075358907
2560000,-3425.8929003328085,289.58824215037066
2600000,-3304.58578966558,307.6883850541877
2640000,-3358.955778926611,287.7732033723937
2680000,-3343.5861241761595,327.0868455012115
2720000,-3385.227613495663,297.5914919250717
2760000,-3424.9606130495667,308.65214904030563
2800000,-3422.193092327565,316.46633177729296
2840000,-3413.850070029497,316.3371480618629
2880000,-3413.8926225304604,291.79960320121694
2920000,-3366.4406768269837,288.71217874128155
2960000,-3281.0133767277002,277.9094614530204
3000000,-3230.0782580673695,306.0177598557954
3040000,-3401.4019765215926,303.9462728476886
3080000,-3341.063088387251,308.54954134992374
3120000,-3310.005485687405,302.0854346387578
3160000,-3366.7965436251834,301.7552466059718
3200000,-3424.707440434955,307.9078636690502
3240000,-3417.250332534313,305.7632611824775
3280000,-3365.311620777473,286.5206847291191
3320000,-3364.537498295307,294.4184268822726
3360000,-3339.294426225126,305.891380796112
3400000,-3313.3496747761965,315.04294940492144
3440000,-3356.813925150782,284.92733084343047
3480000,-3316.4682345315814,280.6450151506692
3520000,-3434.5936321616173,306.04636877680315
3560000,-3457.364373438526,314.3695390116359
3600000,-3415.6011747773737,288.4314358415824
3640000,-3384.724982202053,322.22108241978
3680000,-3341.8978925049305,288.2464378619608
3720000,-3413.2689647227526,308.9665317699664
3760000,-3397.565069332719,331.94738686905407
3800000,-3374.631737560034,304.43854387433316
3840000,-3316.651606798172,295.438233437686
3880000,-3402.6286389953457,289.7080428311836
3920000,-3259.867374777794,290.7500343113243
3960000,-3252.8512133955956,295.227552581012
4000000,-3400.306607954204,323.82766476109447
4040000,-3281.3831839710474,307.3982853467631
4080000,-3413.3782324828207,300.0318781025402
4120000,-3481.6066365614533,329.93458499654025
4160000,-3369.451048761606,292.7190939606506
4200000,-3297.44139534235,313.66950688835493
4240000,-3338.8332054391503,295.0038245198397
4280000,-3426.7315063476562,291.57939472114197
4320000,-3321.814524680376,336.35338012523044
4360000,-3147.457850217819,294.3841273976167
4400000,-3418.5611468553543,317.3265524213456
4440000,-3395.659304201603,316.22969993917803
4480000,-3397.9038931280375,295.4754524095477
4520000,-3401.034802556038,305.6505808721941
4560000,-3332.820202678442,316.3448290260801
4600000,-3379.8568834075704,301.33125478092916
4640000,-3380.5612280517817,309.67656988019314
4680000,-3475.9686836004257,306.27568595503135
4720000,-3294.232656765729,292.25817926585586
4760000,-3353.277004122734,296.5609514497742
4800000,-3405.9231899380684,292.4088920027416
4840000,-3392.265965282917,304.4733813863197
4880000,-3446.6054382547736,301.1102241032926
4920000,-3357.6601320910268,279.6985713940827
4960000,-3375.030025338754,302.8448514038343
5000000,-3438.783373484388,299.4966570138748
5040000,-3394.4508832895663,299.7167010876264
5080000,-3329.959917174652,292.32416142829624
5120000,-3464.8930638937745,311.70379976064686
5160000,-3346.5422491391655,297.06888073586833
5200000,-3431.9454845562577,309.47718098409683
5240000,-3382.8315037488937,296.9233549941088
5280000,-3383.191487699747,304.0552193892328
5320000,-3398.322530928999,312.4700418668174
5360000,-3359.345590892248,294.30659927156563
5400000,-3375.508441567421,323.78382831574584
5440000,-3399.5118003487587,325.7907494183519
5480000,-3489.0225006863475,295.4307438742827
5520000,-3330.0840949714184,283.8010895789729
5560000,-3403.6529560582712,305.17939755197534
5600000,-3439.4434679436963,306.9531380592869
5640000,-3349.0800312797073,288.0784591651655
5680000,-3351.709730712697,313.8403673161377
5720000,-3310.0438267961144,285.03563689293503
5760000,-3369.7298270352185,321.79980011562964
5800000,-3273.0515797568078,310.1156053780053
5840000,-3381.2971791885793,296.49063088954483
5880000,-3295.2228123247623,315.78895107298524
5920000,-3388.5969340875745,298.3333197715188
5960000,-3440.3539819419384,328.66598005969394
6000000,-3370.3436800912023,285.30583581789153
6040000,-3207.6528342836536,314.43667024468954
6080000,-3452.2648908421397,277.58804166158
6120000,-3299.720857769251,305.3991778339362
6160000,-3324.792745113373,287.96855622842025
6200000,-3398.5079929083586,310.44326645833104
6240000,-3434.840597510338,271.3460351591512
6280000,-3306.4694329202175,282.50062782734136
6320000,-3309.5154487341642,293.5463844259938
6360000,-3377.478069588542,292.8478696680113
6400000,-3329.64310259372,280.9853675451395
6440000,-3310.3982741460204,289.4781717046328
6480000,-3419.806482501328,328.3221411543723
6520000,-3329.9921266287565,317.22945682402633
6560000,-3379.721391029656,304.121264433313
6600000,-3361.1940161976963,290.1559309150531
6640000,-3447.684273481369,303.2114529766571
6680000,-3285.071755230427,277.01578217766615
6720000,-3427.130988240242,296.8091448995532
6760000,-3364.723194286227,293.77771630586017
6800000,-3407.460328647867,319.1003189901994
6840000,-3329.6292338371277,279.5937690288276
6880000,-3336.9342048466206,307.35382801519836
6920000,-3379.405363380909,296.1194375694275
6960000,-3379.0478877797723,289.38130268708545
7000000,-3423.8968400880694,295.2491844761803
7040000,-3382.0644734203815,306.3025028783986
7080000,-3463.601483192295,291.4984444325336
7120000,-3376.2461357712746,291.1869814838975
7160000,-3361.9820797219872,306.1147212105726
7200000,-3423.595093846321,309.03270093838296
7240000,-3353.244474709034,325.54027705686696
7280000,-3277.948866903782,294.7358866163364
7320000,-3339.0630672927946,316.58032417155755
7360000,-3401.2125684842467,295.860190380319
7400000,-3435.694827467203,325.4146930687193
7440000,-3387.143105685711,304.374388237648
7480000,-3431.2071468681097,303.3296852734856
7520000,-3374.3035258352757,280.4180361364888
7560000,-3412.7946102768183,326.2956148862648
7600000,-3437.7544634342194,282.7006753844189
7640000,-3344.397171795368,297.3546418561323
7680000,-3318.426620364189,309.7713121895998
7720000,-3345.3917858600616,280.4801267439434
7760000,-3295.285259693861,287.76358043794454
7800000,-3409.18909984082,299.23704215871686
7840000,-3389.937377296388,320.08447070067115
7880000,-3400.834255218506,302.81067947660813
7920000,-3328.2002989426255,295.1628594948726
7960000,-3338.9723992943764,314.61793395481084
8000000,-3419.5788588209543,309.1118219187417
8040000,-3336.2265993356705,296.4884373068531
8080000,-3378.445636819466,294.10552338734135
8120000,-3415.7693088838387,304.0468114360071
8160000,-3340.8772609233856,325.71759952109915
8200000,-3312.066385895014,305.79669345622165
8240000,-3388.8061735630035,301.41947656537616
8280000,-3316.6091089844704,296.4705223361079
8320000,-3270.796755772084,301.47801214448134
8360000,-3354.760358631611,294.52380046187534
8400000,-3325.427091449499,305.75942052612737
8440000,-3328.8081699199975,311.3679075431193
8480000,-3384.0021918760613,312.2984566199911
8520000,-3417.0274342804914,297.0474847489784
8560000,-3382.8795978724957,310.15432205589826
8600000,-3328.115886034444,310.02942129628786
8640000,-3354.9178107259795,288.12878719089446
8680000,-3512.533638498775,297.8840943040203
8720000,-3386.492117702961,297.1722885418808
8760000,-3287.5908663272858,292.00154500186585
8800000,-3394.6955892443657,322.75235106034404
8840000,-3389.6277327537537,275.3739941878149
8880000,-3347.5271191950887,293.39286503422136
8920000,-3309.890591956675,301.7980546890326
8960000,-3441.476056549698,281.5279397965428
9000000,-3481.0974040869623,330.81948588793966
9040000,-3520.499982504174,291.31621467511354
9080000,-3367.3175003640354,298.2754209646407
9120000,-3316.0198212517425,309.15414093387835
9160000,-3316.2021443396807,285.6436050072459
9200000,-3373.052570424974,302.72671742213277
9240000,-3389.735728532076,292.3812868872032
9280000,-3447.836384736025,305.1187905917807
9320000,-3525.948247196153,295.8517866206018
9360000,-3468.3626729566604,294.6049924111701
9400000,-3368.4362302720547,305.2449874808102
9440000,-3490.9857583642006,284.8335512224161
9480000,-3529.1803215146065,280.28589706988697
9520000,-3372.9108899384737,295.1829991755436
9560000,-3359.8938672170043,290.10311648143346
9600000,-3454.9172389879823,311.7573564940711
9640000,-3425.7009651511908,319.55847814678907
9680000,-3448.5006135106087,294.9205002339662
9720000,-3498.9834046661854,313.109301574227
9760000,-3419.166428089142,275.4390189408421
9800000,-3364.4022230803967,311.85189712949534
9840000,-3517.9176739007235,313.25699043229264
9880000,-3331.739996286109,280.4659135182383
9920000,-3435.791938882321,300.74553170328767
9960000,-3428.327569495217,291.45793975210773
10000000,-3389.5222960710526,301.9256784456714
10040000,-3548.8242100179195,275.5712965147528
10080000,-3415.669351779856,278.3453853516929
10120000,-3301.88170357747,280.1282009563783
10160000,-3494.307479415089,300.06943786383
10200000,-3384.9514192621646,305.09714336922184
10240000,-3410.31869161129,291.18290413835507
10280000,-3464.3016437888145,297.6344184034881
10320000,-3500.172937065363,290.14021362338195
10360000,-3421.3300799967255,295.69585434887733
10400000,-3378.1393295972375,294.2937324084302
10440000,-3348.7092342078686,284.64063483580264
10480000,-3479.0286867339164,311.1982086451895
10520000,-3421.162232803181,293.5425916064862
10560000,-3431.763442069292,319.17128857493054
10600000,-3373.098096214235,309.69917444383526
10640000,-3425.3751193471253,303.1147664260229
10680000,-3461.095461856574,299.74241280481084
10720000,-3437.8920621797442,302.41640376423004
10760000,-3468.237808316946,290.3925258608359
10800000,-3505.141971874051,311.2404257117526
10840000,-3438.4104234958068,321.40287009493505
10880000,-3505.2097883969545,301.111511806161
10920000,-3360.0287893787026,277.3854714007028
10960000,-3430.6274058055715,288.66237024791
11000000,-3528.4784517921507,305.52012391837616
11040000,-3358.3276358544827,286.1169637114425
11080000,-3536.727366785519,310.4390888741728
11120000,-3429.2480252969544,317.4625797327117
11160000,-3486.6035947082564,282.46200577939305
11200000,-3380.0318028824404,312.79674544060373
11240000,-3366.7765630297363,311.16291980173014
11280000,-3490.85778529197,306.0685582699844
11320000,-3468.5037596700713,327.19331760725345
11360000,-3504.005876404699,302.8849303416327
11400000,-3422.69432336092,307.6551681819188
11440000,-3531.0325420601293,294.5621588010051
11480000,-3477.859415927087,321.791540598547
11520000,-3437.176246255636,294.10284095489334
11560000,-3515.250320315361,282.26600608640024
11600000,-3342.4846557974815,306.45153571688
11640000,-3472.2129157185555,274.8396421979211
11680000,-3411.5277359709144,311.1446044573266
11720000,-3419.206080321688,310.5879073820073
11760000,-3515.818163074553,297.9312100543159
11800000,-3412.2361511839554,282.8090906061961
11840000,-3466.393903195858,292.0608718937251
11880000,-3491.1092453300953,295.0569566488187
11920000,-3372.224461995065,274.1011079316519
11960000,-3502.2739450000226,296.5739525578921
12000000,-3507.047142799711,292.8496034309386
12040000,-3413.6110731437802,313.08810406738087
12080000,-3503.1231814324856,294.7968183645422
12120000,-3390.7669502794743,298.3681101319148
12160000,-3468.972491018474,293.8295877271934
12200000,-3451.474389547482,293.92677644412066
12240000,-3352.986215919256,312.93812677094587
12280000,-3450.058293728158,311.7477146205039
12320000,-3413.4688879176974,289.25391013664614
12360000,-3439.7466728389263,311.09088659009683
12400000,-3436.9752532839775,317.28492297625627
12440000,-3456.6786672770977,303.1535027906371
12480000,-3434.077712948434,285.2655846592604
12520000,-3485.5485407710075,300.5117970087192
12560000,-3490.3503054771572,305.73555815691134
12600000,-3413.2569480102975,300.15494165885985
12640000,-3495.7644834062085,271.5203401749024
12680000,-3402.667696401477,320.29538472266285
12720000,-3448.163503319025,291.7342101149469
12760000,-3481.79362282902,318.9683934806515
12800000,-3481.582226170227,304.601643271757
12840000,-3470.582307188306,292.6762733653944
12880000,-3654.562576259952,330.30580435526053
12920000,-3455.2890200205147,268.3727416593579
12960000,-3451.1971019804478,291.78108054219115
13000000,-3424.5131526216865,298.310683145498
13040000,-3517.4409589469433,290.5777315845825
13080000,-3390.564063067548,284.9914305539796
13120000,-3413.893887454178,295.00060319373455
13160000,-3375.615007430315,297.2263599553798
13200000,-3541.939489119686,293.2602824787202
13240000,-3449.927426021546,323.5922170141716
13280000,-3390.531916938955,293.7101433599986
13320000,-3425.130959400907,312.2048410397348
13360000,-3464.7227358669043,282.18608524066957
13400000,-3435.157659462653,307.73957396249614
13440000,-3400.2494185455143,304.2274347243711
13480000,-3480.8642430603504,311.9154015014316
13520000,-3515.7406865591183,281.4893927822331
13560000,-3450.9489430114627,301.15424388969006
13600000,-3421.9258890375495,301.507870106012
13640000,-3430.447512127459,279.9871740687704
13680000,-3435.985345352441,322.9638049731226
13720000,-3483.8395067453384,288.03654528384646
13760000,-3522.3170982152224,304.97731247983165
13800000,-3505.185617670417,309.7404596849497
13840000,-3477.0629421956837,319.8098267182441
13880000,-3479.1861027106643,284.5144027744043
13920000,-3481.2435049153864,286.05330646777145
13960000,-3416.7419635932893,286.7160513799924
14000000,-3425.0561170578003,288.2276082056102
14040000,-3365.774594910443,295.9381760771021
14080000,-3450.1469326019287,288.237035129656
14120000,-3365.509714115178,311.97182700267007
14160000,-3455.31635966897,304.48866806978083
14200000,-3503.067420062609,297.511323136201
14240000,-3503.963140266016,316.6415958555548
14280000,-3437.074088126421,292.0526338551954
14320000,-3432.927724711597,301.5082318722558
14360000,-3480.807162307203,279.7049614380657
14400000,-3445.610894985497,296.01432897250936
14440000,-3397.596911217086,279.7150517837401
14480000,-3447.1390804052353,312.5470064064649
14520000,-3406.3263797163963,318.52264073837
14560000,-3439.184224039316,305.9138533550189
14600000,-3409.0511253401637,314.1436098495219
14640000,-3410.883997038007,302.6358983883187
14680000,-3469.7266520038247,329.9242375417473
14720000,-3387.089138060808,292.18470448981066
14760000,-3496.891084447503,292.9331939811719
14800000,-3436.3505397737026,336.26136504711474
14840000,-3375.4838134786114,292.1865511924328
14880000,-3473.0088427215815,309.71487948979797
14920000,-3412.078484892845,281.7265939901522
14960000,-3443.7768189013004,269.46714126022727
15000000,-3449.585630685091,275.7284405693696
15040000,-3470.1553397774696,314.2521167096108
15080000,-3372.2315990030766,308.5797623945374
15120000,-3537.993801881559,292.4485571029472
15160000,-3420.0149620063603,314.69256735546463
15200000,-3473.6372267603874,333.05215577713193
15240000,-3459.2401301618665,282.3955177828038
15280000,-3519.0109826251864,308.05462468798936
15320000,-3349.9526423066854,297.5475279466969
15360000,-3475.3965300917625,290.12529995181507
15400000,-3405.9945139288902,305.2097578240471
15440000,-3434.2465356588364,300.33939180287035
15480000,-3435.948233664036,330.1268350906899
15520000,-3441.449351819232,290.338947479498
15560000,-3473.5943399798125,292.2673938818223
15600000,-3467.1041990816593,290.31150889534547
15640000,-3422.3914999067783,290.64775241047585
15680000,-3602.669102762826,302.3085397472201
15720000,-3370.022629714571,272.30338628157443
15760000,-3315.2195519804955,300.30214062513704
15800000,-3574.9180596657097,317.72007016731897
15840000,-3463.189755584812,284.5779231951004
15880000,-3399.528359109536,348.39614696538115
15920000,-3417.690773665905,294.1887434504732
15960000,-3498.6650088054885,300.46419347766545
16000000,-3472.229588115588,276.15185108833674
16040000,-3481.1540642678738,285.49246529974533
16080000,-3581.2947499006987,306.38191316545044
16120000,-3476.8009649995656,303.45033351925827
16160000,-3516.7167531996965,299.5468565138407
16200000,-3428.549026640132,317.37368656180104
16240000,-3394.2497282335535,279.60661711378646
16280000,-3431.9426063634455,280.52701839899396
16320000,-3454.3587170941755,262.73500885764054
16360000,-3482.200090289116,262.7653516899492
16400000,-3459.4831255134195,299.6265236474288
16440000,-3424.3474195078015,302.86856365013296
16480000,-3468.117416886613,297.4199734833683
16520000,-3495.9059640662745,306.99827204702103
16560000,-3469.313671976328,283.2237020618721
16600000,-3520.0718933045864,298.2863672087106
16640000,-3337.384644042235,309.6056023693989
16680000,-3370.6309407651424,310.4777610987774
16720000,-3474.589876430109,281.09530502073716
16760000,-3368.008982002735,306.7006974712874
16800000,-3321.1119035221636,280.4920682538214
16840000,-3361.280900400132,290.25602477672345
16880000,-3451.153077728115,298.26852927464853
16920000,-3544.959587842226,290.46782098463
16960000,-3539.8103454317898,289.48853439505893
17000000,-3413.063265210949,279.13341484156075
17040000,-3450.6781673831865,307.98742575115165
17080000,-3433.4227736908942,317.6667956933266
17120000,-3399.7976262865122,300.05545851883306
17160000,-3395.4983280561864,312.158547215023
17200000,-3514.4857521504164,288.2285273346165
17240000,-3441.947794318199,299.51300246256005
17280000,-3481.14676207304,320.5028349447362
17320000,-3371.826864182949,283.7827610986187
17360000,-3388.2455472052097,307.77675220456524
17400000,-3491.5942328572273,284.9565372193282
17440000,-3391.800889093429,292.68098383291704
17480000,-3456.0544998329133,296.0546978675999
17520000,-3462.4739224482328,321.36100802579915
17560000,-3382.39130705595,321.12521070953375
17600000,-3440.7704796781763,274.18971051419425
17640000,-3356.377696543932,302.9416176484558
17680000,-3358.7617032923736,294.6950861939976
17720000,-3408.2423660177737,295.9641032787339
17760000,-3436.8684482229874,322.3309648985294
17800000,-3429.4873548694886,282.9313039359966
17840000,-3475.9770638495684,284.8118728901936
17880000,-3551.34057090804,283.92229725839456
17920000,-3441.394495487213,304.1772360346036
17960000,-3467.4795476198196,290.9474345033874
18000000,-3384.2141141295433,289.2235289585291
18040000,-3468.842224240303,307.3726490932081
18080000,-3343.6960229687393,294.08558578477573
18120000,-3537.1780791580677,276.83909102046005
18160000,-3315.313597716391,311.0935887303752
18200000,-3538.3419246822596,278.578682384201
18240000,-3456.4495418071747,300.3953405502232
18280000,-3424.3456096872687,293.7261905893211
18320000,-3348.162127911579,297.45095598495044
18360000,-3379.7076573967934,307.42448039605796
18400000,-3384.6386601775885,290.91212264956346
18440000,-3319.668312199414,298.1088709022728
18480000,-3402.777687549591,316.5523664752769
18520000,-3405.8759096115828,298.84841523401366
18560000,-3534.5458419770002,313.0829607819664
18600000,-3449.516675502062,297.9350978954453
18640000,-3419.559207677841,331.8855930922774
18680000,-3462.6605356261134,308.9282823332058
18720000,-3513.4401209352072,292.5625121216892
18760000,-3392.9364223107696,329.6510012762326
18800000,-3441.005075931549,305.3576523934208
18840000,-3528.5560704916716,275.03248304671814
18880000,-3408.7533019520342,305.3072961513148
18920000,-3480.074794434011,321.87052482865334
18960000,-3370.456324905157,279.61951444623594
19000000,-3458.608079141937,301.24749736205274
19040000,-3401.3647617697716,310.27317525382904
19080000,-3494.23989613913,297.3644870816709
19120000,-3455.0174252428114,308.4872616776863
19160000,-3355.492918189615,295.37150608996365
19200000,-3381.747703488916,293.4184764361628
19240000,-3493.614072032273,282.4652744122954
19280000,-3368.9129605842754,310.62995771780743
19320000,-3452.8150154277682,296.92825937741577
19360000,-3506.858741890639,296.76522866528745
19400000,-3405.4004589878023,284.1060391953558
19440000,-3519.740916222334,316.02449329489025
19480000,-3429.0696399725275,336.98823526922365
19520000,-3484.0130303160404,312.1307234699059
19560000,-3493.7661808338016,308.1828426382259
19600000,-3537.738513940014,314.0973643414268
19640000,-3521.890080846846,300.6772402637864
19680000,-3415.1369479929417,311.7944605163605
19720000,-3481.960823385045,281.0041032946231
19760000,-3412.7665827274323,318.0905386581433
19800000,-3348.3254043236375,311.1361773087454
19840000,-3481.4515498531982,304.28183842741487
19880000,-3426.5375118255615,299.99068421665606
19920000,-3548.090217003599,289.86759347879945
19960000,-3462.2109313607216,293.03106337207134
20000000,-3441.2277401685715,286.97500411960067
20040000,-3442.1615732896607,304.88827297587716
20080000,-3536.480125075206,307.6339397303772
20120000,-3509.822457164526,314.3083575832445
20160000,-3470.0303122103214,294.0384859288875
20200000,-3454.647117361892,287.4413225822333
20240000,-3390.7413710057735,287.0686868662747
20280000,-3368.226606020704,307.5939546194022
20320000,-3491.078916914761,312.43219568919255
20360000,-3472.074918963015,309.65927462429306
20400000,-3410.416946411133,294.0352586766208
20440000,-3294.7225175350904,287.2711673732834
20480000,-3396.47685226053,300.88742179913476
20520000,-3370.948692906648,312.5607249059134
20560000,-3507.546770811081,282.3046945374227
20600000,-3523.6510593891144,314.9465666918386
20640000,-3532.103295058012,298.23976353584965
20680000,-3392.5538000199012,322.3677759531029
20720000,-3410.7225991992746,271.6463648445633
20760000,-3439.827624350786,300.5086776961011
20800000,-3427.769575951621,314.53230729320444
20840000,-3401.8692504689097,286.53193303269666
20880000,-3441.029364347458,284.4701770199732
20920000,-3528.251853171736,301.6906565419187
20960000,-3430.35483366251,317.0668407094177
21000000,-3468.157635733485,296.0388583770336
21040000,-3414.9808565452695,286.6930212748082
21080000,-3364.865851734765,288.69038938455606
21120000,-3379.5560369919986,275.95346114725726
21160000,-3542.67728112638,312.57156588472134
21200000,-3425.4160820115358,300.0570995794533
21240000,-3410.2715203613043,302.4078489381536
21280000,-3505.4780658707023,311.54653517926727
21320000,-3434.508721292019,296.6805114405678
21360000,-3437.890981454868,325.3120565845722
21400000,-3421.550643688068,303.43490786970125
21440000,-3376.956244111061,307.7976417523421
21480000,-3375.828345157206,286.99049753639105
21520000,-3499.162978991866,298.00439103536445
21560000,-3455.661524951458,278.7452932729405
21600000,-3373.1843563318253,268.01432644856555
21640000,-3437.281691143289,292.86583788147664
21680000,-3444.580304849893,308.2663055888114
21720000,-3441.133962702006,294.0606863189922
21760000,-3397.664314687252,277.43822655220833
21800000,-3407.255881294608,325.7145691245751
21840000,-3482.999079973437,285.4896844169747
21880000,-3548.2954485565424,288.52844521671693
21920000,-3519.855292499531,300.9961456757268
21960000,-3479.5418351916596,292.4479657391868
22000000,-3415.8106406331062,302.7210415338119
22040000,-3513.252903657034,292.1333335357945
22080000,-3506.413322225213,285.5385362603719
22120000,-3464.0062687546015,298.6176399555186
22160000,-3527.839342595078,291.5242969143567
22200000,-3260.1355525255203,316.90666912325537
22240000,-3448.461107440293,273.11773764038605
22280000,-3462.259565241635,311.8071753784802
22320000,-3440.020810335409,316.14154732224097
22360000,-3419.9263023361564,258.6860803812467
22400000,-3417.5951987458393,302.9303014012071
22440000,-3469.432314172387,292.02986632674833
22480000,-3415.8148743212223,308.67602451911637
22520000,-3474.537624137476,326.51431036537474
22560000,-3490.5285054245032,294.0629592042381
22600000,-3480.81108013168,290.02713569948327
22640000,-3392.911797180772,298.3511623407938
22680000,-3523.143622489646,263.7720389361416
22720000,-3393.5649984888732,282.83040499781714
22760000,-3484.0355889201164,295.67661195870716
22800000,-3429.14912154153,283.67743312537283
22840000,-3534.2663075560704,302.9306651080223
22880000,-3373.7830772325397,288.9532440959335
22920000,-3359.9770281016827,273.0365240134052
22960000,-3328.2742162942886,283.9242974726129
23000000,-3383.3541220724583,300.08037314630695
23040000,-3514.2044871822,298.00270435325734
23080000,-3418.4207314252853,304.4566104732076
23120000,-3505.9966860041022,313.6449014520863
23160000,-3532.0298943668604,294.1720841573112
23200000,-3441.1076648561284,291.6437482697561
23240000,-3525.076603689471,306.42160041701527
23280000,-3431.517612993717,292.3828092859809
23320000,-3559.088301718235,327.65793547603903
23360000,-3482.1278026886284,274.9032594529358
23400000,-3412.378445699811,309.52366192167227
23440000,-3502.8682045193855,315.8379367552896
23480000,-3482.102705221623,300.46412661482816
23520000,-3535.6008993713185,301.59894200516493
23560000,-3349.6306595625356,280.31353142724015
23600000,-3395.665865570307,289.8233065465854
23640000,-3420.4372083321214,286.838868348058
23680000,-3474.7367170751095,312.0173409382794
23720000,-3431.12451530993,305.22579118238366
23760000,-3449.5907652042806,311.46548722173844
23800000,-3378.0036559402943,301.24251087246626
23840000,-3456.910045027733,298.19993382481874
23880000,-3487.5164343118668,300.8735780105678
23920000,-3406.24715000391,294.3989905572223
23960000,-3431.3422697111964,305.53060678854644
24000000,-3464.5307925343513,309.1175396855309
24040000,-3355.8396202102304,280.7150480197214
24080000,-3402.5314209803473,273.6512826390672
24120000,-3476.1440294329077,291.22681063071803
24160000,-3558.693907855195,309.0284502489558
24200000,-3505.410518359393,287.3868135126528
24240000,-3441.1262675374746,291.6887987670404
24280000,-3492.5002433359623,290.63281423529025
24320000,-3464.0867071971297,298.17498406206937
24360000,-3464.618669083342,299.99026643910787
24400000,-3424.154577014502,314.8408134669649
24440000,-3396.4900996237993,303.2891645721198
24480000,-3539.4558036476374,305.3046144535361
24520000,-3475.4488229770213,290.26436708814424
24560000,-3542.846752157435,291.4265494573296
24600000,-3580.760580472648,279.35988029664406
24640000,-3543.2834473196417,294.23590298381333
24680000,-3543.9548336360604,299.89448442634506
24720000,-3537.647136282176,303.9606024155554
24760000,-3595.62036678195,290.0568476908739
24800000,-3555.76044896245,299.18386141198135
24840000,-3531.9800253920257,287.4767887332043
24880000,-3645.663738463074,300.9680478834652
24920000,-3529.2629566192627,286.01492605561793
24960000,-3519.568857311737,306.5255928810547
25000000,-3608.679946278571,300.8450578638695
25040000,-3565.7584185004234,305.0905011632107
25080000,-3511.29118504934,306.25263693903713
25120000,-3560.5494137108326,332.42933899014724
25160000,-3637.1132740452886,295.21552714788703
25200000,-3562.6608432903886,292.7067788621001
25240000,-3558.3251938009635,274.551035268228
25280000,-3553.3709333967417,285.4500417290024
25320000,-3640.1557353436947,297.79486093217344
25360000,-3657.6035432741046,310.16543717092367
25400000,-3570.048426088877,311.737486310744
25440000,-3649.2410692945123,266.69682182659875
25480000,-3620.4610949233174,276.90888742928644
25520000,-3651.6694443821907,311.24589094167493
25560000,-3579.57171779871,305.21022463104003
25600000,-3552.521700670477,284.53039344700267
25640000,-3596.36985732615,290.62842621773433
25680000,-3603.3809889405966,297.0561053841461
25720000,-3590.685507480055,315.3579184071491
25760000,-3592.281657502055,306.99825904675436
25800000,-3478.608285456896,286.00524520223775
25840000,-3582.882449402474,316.2668021004516
25880000,-3526.8471533171833,304.23294225543145
25920000,-3588.4837750531733,290.34296017585046
25960000,-3607.586926612327,288.1230254869523
26000000,-3548.787075575907,315.2408909695558
26040000,-3550.4876614548266,319.8377977388708
26080000,-3607.3357051238418,307.09077192756195
26120000,-3557.213209480047,311.10107678148955
26160000,-3587.4197543263435,301.108644635316
26200000,-3471.628208756447,313.3956234488608
26240000,-3627.7579346448183,297.99751326711754
26280000,-3573.5079446062446,294.66424505164696
26320000,-3586.7658889619634,313.72678223688115
26360000,-3609.849237382412,295.1145657053469
26400000,-3669.460297226906,294.96076680198394
26440000,-3615.656970334705,297.15666430844266
26480000,-3691.404515221715,300.31871350594963
26520000,-3585.838077068329,305.9450890546824
26560000,-3643.087859041989,287.6769666912147
26600000,-3510.3170177713037,286.19843375008816
26640000,-3587.3108214735985,304.2362363568695
26680000,-3612.668850316375,303.5551596976333
26720000,-3672.67743909359,301.82378480845665
26760000,-3552.0409733355045,294.96443129949813
26800000,-3585.945323057007,291.3468954407792
26840000,-3650.1895856839838,318.8832553276396
26880000,-3672.339213512838,280.97848616370095
26920000,-3549.274396162946,295.2729450317745
26960000,-3619.3682296574116,315.44224807264385
27000000,-3553.939642801881,320.8562736206439
27040000,-3512.9939446151257,290.9288502502538
27080000,-3579.189925789833,314.26229435854776
27120000,-3579.6947174586535,290.97579846337067
27160000,-3600.067288149148,299.8504443635142
27200000,-3576.27825987339,311.96147567942404
27240000,-3669.158212721348,316.2769476718796
27280000,-3590.957464095205,321.1892887209218
27320000,-3544.354359701276,274.48765911749837
27360000,-3598.472350895405,299.1805605117104
27400000,-3639.6067560161464,294.5384323684265
27440000,-3524.1706244600937,310.54996629111247
27480000,-3655.4035071134567,273.7757225290718
27520000,-3593.2032056692988,275.4008388931757
27560000,-3689.0047349631786,292.0968657910492
27600000,-3547.6652432838455,294.31435479599236
27640000,-3609.598094910383,315.37490719882027
27680000,-3618.0734137203544,296.30920422486804
27720000,-3530.7308832406998,305.281113365299
27760000,-3617.504834923893,299.7932755028684
27800000,-3614.4896088661626,281.97784882068436
27840000,-3592.0126823820174,323.43264247243127
27880000,-3656.882199211046,318.7389372040601
27920000,-3665.8286716020666,305.45493242848505
27960000,-3601.4836415350437,316.3444183528975
28000000,-3640.4989082217216,325.6687256285937
28040000,-3576.766802690923,287.2939817426635
28080000,-3613.601345986128,297.08068183483743
28120000,-3519.432395769283,307.4448377653063
28160000,-3665.340227516368,303.6682661937129
28200000,-3541.5222537964582,285.8749649180223
28240000,-3454.034775290638,303.5953375830989
28280000,-3624.163044285029,304.4493511830556
28320000,-3606.3403579592705,324.54045275180397
28360000,-3507.5009283423424,299.3705917459565
28400000,-3639.7715076059103,303.93813318724693
28440000,-3658.126969918296,294.0012516618479
28480000,-3557.425200909376,297.38189298967575
28520000,-3647.919771850109,295.2901926860825
28560000,-3582.312840268016,287.55652267203726
28600000,-3577.2981308475137,273.4427384920906
28640000,-3607.499986231327,288.08743154549757
28680000,-3528.1430143490434,271.8068657036238
28720000,-3592.600854578428,302.4803794297545
28760000,-3550.6194450072944,290.16409077090833
28800000,-3572.202503234148,336.2261086977332
28840000,-3641.9853357588872,294.43532132012547
28880000,-3517.5878965333104,305.0306488085619
28920000,-3478.1968831447884,309.83444939722386
28960000,-3577.1333362885252,287.3695032183002
29000000,-3639.313342779875,301.76753159150024
29040000,-3612.088974069804,294.1045815059161
29080000,-3647.155915428186,296.71883897239417
29120000,-3552.0953394726384,295.9943596589763
29160000,-3603.212423308287,291.85093381565355
29200000,-3590.3179026022553,286.92923512184365
29240000,-3666.83826636523,309.0990305856134
29280000,-3612.2968547074124,300.009121960064
29320000,-3605.7802345380187,325.36207250335804
29360000,-3596.811106365174,289.06569547345333
29400000,-3597.5080340891145,286.90343530681656
29440000,-3528.4767230162397,286.1984459855471
29480000,-3593.8449814410415,277.9694094532902
29520000,-3550.7351970002055,305.92230407549073
29560000,-3638.0734682679176,306.23678306598634
29600000,-3607.722997739911,314.03957528420955
29640000,-3594.931060731411,292.3348457762444
29680000,-3527.350611925125,315.26118194158687
29720000,-3542.7136993184686,299.7839738227944
29760000,-3684.000974431634,294.0010364756121
29800000,-3673.4137779176235,298.0159107275622
29840000,-3515.33306793496,301.63481548212565
29880000,-3626.157680232078,286.4217624864672
29920000,-3567.2343974234536,304.3815314966617
29960000,-3523.837275914848,318.25737832297546
30000000,-3549.455060403794,303.5452003688379
30040000,-3636.1265777414665,284.2774888964896
30080000,-3582.4429478794336,314.7523240291073
30120000,-3518.924045883119,311.6177690872987
30160000,-3584.716892281547,288.62191501593804
30200000,-3676.5654929522425,284.0399396483554
30240000,-3517.008063554764,315.1788158606827
30280000,-3593.172089666128,294.0743348348757
30320000,-3570.310780853033,297.3262791929544
30360000,-3599.13301923126,299.0745038460872
30400000,-3542.9705189466476,289.62393983918565
30440000,-3544.055475338362,317.36907459273704
30480000,-3570.920619698474,309.45281261185926
30520000,-3602.3936371062446,279.30992284684555
30560000,-3558.998225182295,313.1960522962099
30600000,-3575.8559336932376,294.6455235216321
30640000,-3521.8728650808334,277.1153242686507
30680000,-3651.1816485900927,295.6600634316144
30720000,-3578.374454200268,268.8281390066366
30760000,-3658.1024918537587,303.4659134623017
30800000,-3545.6492106206715,288.87861679177814
30840000,-3615.528769274242,294.21809558007425
30880000,-3588.8270521669183,292.2271028409343
30920000,-3544.3716659946367,327.7646004249017
30960000,-3635.3520259670913,286.33497125871634
31000000,-3547.9361526728608,307.230008478436
31040000,-3548.7525239139795,285.48066256768976
31080000,-3533.918454170227,294.9374670569389
31120000,-3553.879350438714,292.8796440016781
31160000,-3614.743957610306,297.3671985748593
31200000,-3563.952787041664,284.23586979314274
31240000,-3605.7386775910854,285.56910889616324
31280000,-3605.988470569253,274.069573118967
31320000,-3605.730733049568,281.1773312956768
31360000,-3660.881431698799,296.16732574926607
31400000,-3578.191794373095,303.16804881213886
31440000,-3567.4565575122833,310.3681636985596
31480000,-3511.3252803757787,304.0434765854977
31520000,-3625.894255876541,305.8453107452503
31560000,-3581.0306253600866,296.1101578837977
31600000,-3570.6141905784607,317.8855347044904
31640000,-3539.145357389003,328.7149257914115
31680000,-3723.5769724845886,278.50502579452603
31720000,-3560.0324990972877,286.8982550900243
31760000,-3526.52071711421,304.3183161698123
31800000,-3529.6035012742504,286.67391203365634
31840000,-3624.683690859936,302.90319346045686
31880000,-3542.077565809712,316.9511199917802
31920000,-3651.500493347645,276.5805891938034
31960000,-3543.016685128212,323.23673116914773
32000000,-3692.6593960672617,318.5636247423159
32040000,-3610.9825642388314,304.45869116208326
32080000,-3545.3647008538246,304.1113862614986
32120000,-3589.8783624493517,308.1058123956425
32160000,-3596.808748200536,298.5249046381762
32200000,-3640.525382757187,296.4375722621487
32240000,-3530.5383679270744,298.12337659749494
32280000,-3621.590323608878,288.54402273307005
32320000,-3569.7338329702616,311.9991244117161
32360000,-3653.078324496746,273.4510470535042
32400000,-3571.9316653087735,304.7028283095131
32440000,-3505.825855512172,305.3809935669324
32480000,-3601.0109078435926,307.5405595390913
32520000,-3604.5720571279526,344.466413591345
32560000,-3662.511604785919,307.04700929713795
32600000,-3626.5704035684466,287.897046757295
32640000,-3598.7638058522716,289.94174244137326
32680000,-3590.391812965274,295.462076806531
32720000,-3591.4516662359238,288.25074165305546
32760000,-3558.2641714811325,309.3874408674821
32800000,-3624.7104687020183,305.65523323989424
32840000,-3564.21021777438,306.66664392770303
32880000,-3571.0218613930047,307.5773957605725
32920000,-3665.3740301392972,314.08582290711763
32960000,-3590.2291879663244,288.6476151999981
33000000,-3523.739928215742,292.9663334726674
33040000,-3550.247590113431,303.48165054184693
33080000,-3576.1358080506325,302.52590532872307
33120000,-3607.9730620840564,324.3148319541025
33160000,-3658.4244077019393,268.9545566682438
33200000,-3659.2359867095947,301.6214729178743
33240000,-3576.442093849182,285.50928484135164
33280000,-3544.3579560667276,322.1351643288584
33320000,-3557.7616663805675,316.68719201360466
33360000,-3601.06242787838,295.2106908036692
33400000,-3621.9380322545767,284.0229523234604
33440000,-3590.2572953030685,284.8867135161525
33480000,-3537.7405686080456,316.68360232009155
33520000,-3621.2984008360654,311.49011843402764
33560000,-3652.180633276701,282.69977222608105
33600000,-3567.4858848809818,295.37496672034706
33640000,-3542.2696335576475,320.64274923822626
33680000,-3620.3485477864742,328.4239076626839
33720000,-3568.008366085589,288.92813163755056
33760000,-3570.951950699091,312.1270177789314
33800000,-3624.9111652076244,309.62469788147166
33840000,-3619.2034016512916,290.1700413065793
33880000,-3450.9404233198147,294.8538521978273
33920000,-3633.542849700898,307.1683933679615
33960000,-3574.6232695285,310.8992318262629
34000000,-3592.0246508419514,290.1092479647738
34040000,-3668.1411277242005,294.9272858197019
34080000,-3575.409227856435,313.801846498688
34120000,-3669.783043682575,304.5963255360001
34160000,-3530.064621118363,310.80805176416885
34200000,-3644.204935026566,291.64531871475884
34240000,-3551.75344549038,294.5109425528957
34280000,-3593.6704680388793,285.8211036329985
34320000,-3633.358087092638,313.14169867757704
34360000,-3624.8392633358017,288.7505454371678
34400000,-3562.507718678098,312.77818956588675
34440000,-3592.1349329855293,299.28357138996967
34480000,-3549.35704215616,291.6927296853412
34520000,-3663.6709115058184,309.22345553673216
34560000,-3542.7954574432224,288.32041600959116
34600000,-3582.6361251473427,301.4814536090148
34640000,-3644.7941757142544,317.9577254831043
34680000,-3506.374890288338,289.2480488651862
34720000,-3551.8580111591145,315.7888285729502
34760000,-3557.491516955197,288.5362299458651
34800000,-3528.702040448785,298.1315919425403
34840000,-3643.365756222811,301.854834761368
34880000,-3555.247001681477,311.01540842541766
34920000,-3653.159234583378,284.33231443368607
34960000,-3638.0289168953896,322.6687972291776
35000000,-3659.4285156428814,300.33276497061655
35040000,-3602.562004601583,282.5470738629395
35080000,-3600.70064266026,306.11086273669224
35120000,-3708.5265046209097,296.9764254230686
35160000,-3692.634835779667,299.25344014729956
35200000,-3629.6776914596558,303.49730472346096
35240000,-3527.6949348449707,303.4067829938761
35280000,-3619.5804023742676,289.87661983591073
35320000,-3561.7633246203186,302.55023166728563
35360000,-3591.0764831602573,296.8405672654952
35400000,-3610.1117577645928,301.74853061334414
35440000,-3658.171207908541,305.1626733609509
35480000,-3662.7428645798936,321.7080175651664
35520000,-3479.301261037588,311.37798744797277
35560000,-3592.771474838257,305.9464703876815
35600000,-3568.7806198596954,290.09398960360113
35640000,-3577.8767797085457,291.6272372955999
35680000,-3677.8867368400097,309.24592026502336
35720000,-3632.148924998939,304.1960668711106
35760000,-3664.003801325336,281.32267368442973
35800000,-3603.0611350191757,293.7860050359614
35840000,-3683.494143474847,310.97993601322423
35880000,-3642.60592684336,313.8888370582892
35920000,-3677.064485259354,316.19177949662685
35960000,-3442.733902834356,314.5262177224974
36000000,-3537.4318805933,306.24496706087103
36040000,-3604.5860290527344,301.6802122567116
36080000,-3606.152739405632,308.25604639024016
36120000,-3573.8783661723137,308.30562573707294
36160000,-3523.4329968467355,306.9248596523426
36200000,-3550.5710820406675,275.31454682641913
36240000,-3604.7011644393206,300.2523483493981
36280000,-3451.8293900340796,302.9754180526492
36320000,-3591.4332270713057,278.586766340091
36360000,-3727.1608770717867,288.00227405510134
36400000,-3524.4596653580666,294.4435033262417
36440000,-3552.252008624375,304.4912314855585
36480000,-3505.8962486982346,292.89780875217554
36520000,-3645.3494657576084,321.9979177705258
36560000,-3669.219684548676,304.9104094684217
36600000,-3562.212124891579,301.0796472872927
36640000,-3648.4319928884506,296.1761783383586
36680000,-3626.679360628128,312.21976948180287
36720000,-3573.6104025132954,288.2344664553984
36760000,-3650.1885855421424,310.2564101443725
36800000,-3570.365160379559,303.00944683149675
36840000,-3463.245709232986,307.93001595265304
36880000,-3668.8391226790845,291.69484003918944
36920000,-3656.181821167469,309.9879030545798
36960000,-3641.9882525823487,297.19215419981094
37000000,-3538.8011187016964,312.3331722888866
37040000,-3640.3820178210735,309.9829922043284
37080000,-3664.4528525962087,293.731751277689
37120000,-3607.4889608444646,292.2565120553525
37160000,-3555.218290820718,302.25880788592065
37200000,-3503.573401067406,296.0986552794636
37240000,-3524.67722877115,322.6896588468312
37280000,-3506.58998093009,304.88626150917537
37320000,-3508.1114451549947,310.69628317958257
37360000,-3592.4297123253345,295.5048137990811
37400000,-3596.7804770469666,320.5734176504918
37440000,-3649.5943718850613,287.1921414887334
37480000,-3658.6245335294516,320.64166139566737
37520000,-3576.8704251109157,320.28313509619056
37560000,-3654.366581439972,301.2043718413343
37600000,-3642.5417574048042,292.9665149278088
37640000,-3603.1462556384504,285.5936906190006
37680000,-3469.5956815332174,286.2670515633441
37720000,-3553.2890604436398,283.5404111169236
37760000,-3573.222389759496,297.89057379572904
37800000,-3562.951000891626,296.69290417954556
37840000,-3707.5504456711933,319.91302391673935
37880000,-3493.5178311616182,311.7445528698437
37920000,-3567.660874306923,313.2679035490123
37960000,-3628.201738944743,297.87395525407874
38000000,-3581.257233828306,292.21918215562584
38040000,-3593.730532504618,301.709555733785
38080000,-3508.8913407586515,298.61076368223405
38120000,-3599.3532224297523,300.077550221076
38160000,-3648.8407485485077,306.49202021165377
38200000,-3538.3134371340275,298.65917369324586
38240000,-3648.8985223249765,307.4749938752083
38280000,-3603.4850152833387,305.64353891139893
38320000,-3608.7325913347304,280.8677865921275
38360000,-3519.818332582712,318.9924319420818
38400000,-3614.6316334707662,310.9949100870288
38440000,-3580.151957159862,298.3850155496023
38480000,-3611.8621133188717,296.76252050757824
38520000,-3606.3495568037033,289.11173271421114
38560000,-3637.2194063961506,281.5665742883565
38600000,-3577.638905920554,281.853450465546
38640000,-3525.3577910140157,299.07112061844043
38680000,-3616.776099026203,315.0574437124644
38720000,-3628.184510320425,270.7518062226489
38760000,-3615.0816094726324,298.2180506969875
38800000,-3600.7126771006733,270.37613968334796
38840000,-3482.4027864187956,309.96637994293525
38880000,-3596.51382791996,306.3726291284211
38920000,-3585.3626731038094,319.71521548330884
38960000,-3661.776611864567,299.32074235221154
39000000,-3599.7561020739377,300.01568854650696
39040000,-3548.1646261289716,306.1463360689001
39080000,-3620.020528173074,268.67324364955107
39120000,-3608.588691752404,282.87660489125824
39160000,-3562.0959794968367,277.0947857988446
39200000,-3568.0244155125692,305.6792852999665
39240000,-3577.0294879684225,300.0278611411768
39280000,-3544.528335777344,282.7459903499607
39320000,-3530.4868396520615,292.6014739062959
39360000,-3522.425090163946,304.1644596066842
39400000,-3515.958945170045,310.71669416077697
39440000,-3614.6311363577843,295.8881193953348
39480000,-3573.7539414018393,325.97736531608376
39520000,-3605.60882507544,284.32107170632287
39560000,-3546.983198969625,295.1757346034842
39600000,-3576.8924620379694,328.47420882594565
39640000,-3554.245276451111,291.3321207044378
39680000,-3676.508748191409,303.9027048132372
39720000,-3645.937947638333,326.430727103998
39760000,-3584.215229086578,294.50972093487894
39800000,-3607.285032251384,284.6242403227756
39840000,-3608.799048513174,291.0143362009095
39880000,-3570.6449594944715,302.1382721386263
39920000,-3596.6203267276287,290.1760184021133
39960000,-3593.7224098693114,309.1605496358503
40000000,-3573.777665145695,281.9571064085847
