#"Step","Potential Energy (kJ/mole)","Temperature (K)"
40000,-3234.7408126741648,304.4278185679311
80000,-3251.5429757237434,282.6902868974732
120000,-3190.541941985488,289.9510362225017
160000,-3249.3106742203236,305.6252339228918
200000,-3264.6058716773987,288.33220181411446
240000,-3220.1976864635944,311.755044332509
280000,-3379.371475622058,297.2400370939596
320000,-3335.1476076841354,293.8238504126612
360000,-3349.222088165581,302.9621248787713
400000,-3327.4220476150513,312.0320119754576
440000,-3346.2476432616822,304.00854121229054
480000,-3292.44804379344,315.3463986247802
520000,-3327.653223558329,309.05416358946525
560000,-3332.247981071472,288.44082443055754
600000,-3190.1703829690814,268.59292929244424
640000,-3264.235875984654,304.692927770856
680000,-3372.958878837526,284.15158019158923
720000,-3396.542380295694,324.2999280756859
760000,-3378.553929820657,298.60703948066816
800000,-3318.7041672989726,263.9873017396388
840000,-3276.0429471731186,269.59797026004634
880000,-3397.7539950832725,299.52449980353344
920000,-3435.523856461048,301.8941195378835
960000,-3391.3032797425985,304.5637590860691
1000000,-3384.080862045288,320.8853119521348
1040000,-3274.850672841072,298.1054034554859
1080000,-3393.3276077210903,288.512668549222
1120000,-3357.0858418382704,293.55845930464426
1160000,-3319.293248191476,285.28842886980675
1200000,-3344.605826124549,292.10383708351526
1240000,-3454.043403200805,287.0166541168836
1280000,-3352.3708539009094,293.785189795856
1320000,-3409.504396557808,290.8916229079696
1360000,-3315.5848610401154,311.6023089618505
1400000,-3328.84317394346,291.9510172970239
1440000,-3284.0869883298874,289.0638875197866
1480000,-3306.5650184452534,307.13433378913174
1520000,-3254.7711210101843,291.14189339829136
1560000,-3401.094141125679,347.10136403537894
1600000,-3437.409553259611,329.7634920711214
1640000,-3344.929105117917,299.57339552112245
1680000,-3371.3238173127174,282.78407114735563
1720000,-3346.605354964733,305.0589314983317
1760000,-3400.0519373714924,287.48827752219256
1800000,-3436.5470216944814,285.76066442680826
1840000,-3356.1150453090668,315.3184311072851
1880000,-3347.791099369526,296.5377306114575
1920000,-3336.5150349140167,298.953729652544
1960000,-3376.694644808769,294.86695341326975
2000000,-3329.791324481368,319.42033386345014
2040000,-3403.717453867197,299.2762124795882
2080000,-3282.982131820172,290.13062390169546
2120000,-3311.3253154456615,288.3278177772679
2160000,-3351.0254348367453,293.26184592234046
2200000,-3414.854227140546,313.1412951417048
2240000,-3318.5252367556095,291.3580861405978
2280000,-3309.330144327134,286.40644798099066
2320000,-3375.803424283862,273.77029304451406
2360000,-3396.485781338066,312.9615129251069
2400000,-3329.4979476605076,288.50451553661424
2440000,-3455.5348100066185,302.398886015911
2480000,-3328.9963586591184,306.06426253401816
2520000,-3354.931720972061,331.0537435716304
2560000,-3436.1747996443883,313.4185624282082
2600000,-3346.334893496707,309.86519789583593
2640000,-3366.585013091564,300.3302414639396
2680000,-3320.088402092457,318.3148056305433
2720000,-3368.729265678674,279.4594614853108
2760000,-3388.138125759084,306.5591899344969
2800000,-3329.9687019903213,302.35162371452566
2840000,-3366.351543828845,300.3737961291423
2880000,-3396.1156783103943,294.039644690156
2920000,-3287.8567306632176,277.63280489243124
2960000,-3278.6678915917873,302.4725865339537
3000000,-3311.2617785334587,306.05435249261313
3040000,-3326.532114271482,337.8596741604481
3080000,-3365.162321023643,299.5318354817218
3120000,-3359.064971446991,272.70299411554936
3160000,-3271.373909816146,312.29955093486336
3200000,-3424.1391783058643,297.1071278569748
3240000,-3376.3809938728737,334.20520381112186
3280000,-3352.503656670451,305.4117441701078
3320000,-3383.9591213464737,296.9189309837362
3360000,-3259.3873648680747,307.83638083978394
3400000,-3365.1492270354647,312.1687542770877
3440000,-3415.000930070877,294.6439989372713
3480000,-3407.4515311867,302.3808867135251
3520000,-3426.4697739183903,295.2026855580587
3560000,-3376.994239926338,304.8571455309122
3600000,-3357.5428204089403,322.25708246875456
3640000,-3470.3168709278107,279.8243275664577
3680000,-3317.961755514145,298.373005663561
3720000,-3317.7206014171243,312.7199507295076
3760000,-3372.990348339081,292.5501344387343
3800000,-3352.5972363986075,294.08265156562635
3840000,-3457.7826638408005,313.5838457318225
3880000,-3409.642244577408,297.61158698919456
3920000,-3388.7612217739224,311.6709949044888
3960000,-3417.7705781832337,297.31182119986715
4000000,-3320.5859259217978,308.83858287488124
4040000,-3426.0657333508134,302.7406140898067
4080000,-3269.4771859049797,318.03862171440164
4120000,-3488.945680021774,280.35900504523306
4160000,-3416.7660761387087,302.85771578756766
4200000,-3361.778257479891,292.79907660011025
4240000,-3280.330721616745,292.89313919021214
4280000,-3330.846111536026,302.6613079927958
4320000,-3411.2595703862607,309.6089428226006
4360000,-3405.4210379719734,299.43799758694854
4400000,-3429.129561036825,283.37557649723936
4440000,-3388.0931232124567,310.2046555204496
4480000,-3367.0883791446686,308.00429861942627
4520000,-3262.4720955491066,289.92426575473525
4560000,-3327.215672484599,285.1479765226302
4600000,-3243.0961394906044,296.57278840685234
4640000,-3389.089681401849,280.4584316568439
4680000,-3396.334874793887,329.70907976435706
4720000,-3406.180067896843,284.93298806692934
4760000,-3315.9978625923395,269.8196250856795
4800000,-3373.775424838066,305.41182106280996
4840000,-3261.7552742660046,310.1664708546527
4880000,-3422.4554396271706,316.77355544516803
4920000,-3360.882598847151,319.01242187760266
4960000,-3395.9693158864975,298.6052317905598
5000000,-3317.9859397523105,284.0815410308101
5040000,-3399.582828119397,328.79873304285394
5080000,-3284.5913382023573,291.9257405333482
5120000,-3396.004002178088,309.65318147211894
5160000,-3371.0897928252816,286.3903767610124
5200000,-3439.8155039736685,301.45544196714644
5240000,-3355.6323175569996,303.821337748847
5280000,-3357.4318982362747,304.6831898673117
5320000,-3293.754227101803,294.4214634958486
5360000,-3468.422548055649,302.018334182015
5400000,-3452.5144760608673,288.24992906512944
5440000,-3407.7306786179543,296.9531756409046
5480000,-3401.7906340714544,299.0097302096395
5520000,-3365.558135420084,310.3550101267345
5560000,-3414.8566135317087,292.9863440789832
5600000,-3340.6000401973724,282.4139198311185
5640000,-3342.013831600081,316.23005234421464
5680000,-3357.1590846776962,303.7046953793627
5720000,-3465.4731447696686,284.1395569933427
5760000,-3337.399227426853,283.8555033401896
5800000,-3274.555500475224,293.0281073898235
5840000,-3348.233825325966,288.3334506665088
5880000,-3419.47503323853,306.50654143437566
5920000,-3414.3090627337806,309.1405493410165
5960000,-3384.5756604634225,298.66642302479136
6000000,-3357.8142837081105,288.517808648019
6040000,-3456.728365421295,297.3705974193229
6080000,-3365.2845859229565,293.65458599237064
6120000,-3335.127313502133,311.64105359866284
6160000,-3273.0268312618136,296.3561107491323
6200000,-3365.7188018127345,297.66264669429694
6240000,-3369.984358459711,290.26489198135465
6280000,-3413.742252524942,284.9773079566448
6320000,-3384.6629962679,320.5775350383784
6360000,-3403.239780213684,334.6902457270141
6400000,-3420.624563932419,307.8834059402342
6440000,-3424.660146266222,303.0686823152918
6480000,-3309.8069714307785,302.5823302520851
6520000,-3305.5570384263992,297.8670472800763
6560000,-3414.2977293133736,275.9854283881701
6600000,-3343.626980003901,283.0990138411989
6640000,-3294.887570567429,289.65670707920196
6680000,-3419.249225491425,296.91411569003276
6720000,-3269.5950981378555,326.72520112564507
6760000,-3283.4634483009577,304.189307331787
6800000,-3427.0520268268883,297.4894202789868
6840000,-3438.575394526124,303.7622442352266
6880000,-3416.9608620116487,308.037855628572
6920000,-3409.6440098285675,288.5073647230086
6960000,-3501.2961754202843,307.2092593167985
7000000,-3319.2676895856857,291.5903303135442
7040000,-3426.6584033183753,289.21491457604253
7080000,-3469.367349743843,300.4640124432415
7120000,-3361.098741531372,302.16564868159776
7160000,-3417.808782696724,279.94074205204373
7200000,-3449.7286001443863,297.50376906612456
7240000,-3379.5896867723204,331.8586244890454
7280000,-3402.7746173143387,277.83857209866693
7320000,-3320.225651363551,306.6154625278832
7360000,-3423.6246823966503,294.9925134773833
7400000,-3415.6815548669547,301.12010399311794
7440000,-3364.671262357384,304.3558122895353
7480000,-3446.718183249235,290.56690613327436
7520000,-3420.530108887702,272.2768617933761
7560000,-3381.952490031719,317.74624534820805
7600000,-3347.1736720502377,294.3392028793395
7640000,-3379.1461864113808,278.3619297030918
7680000,-3259.957424044609,309.56537286880894
7720000,-3342.0152913434395,292.56085790071495
7760000,-3355.7815174646676,299.7021296399291
7800000,-3419.398840174079,295.76001303698416
7840000,-3400.5026594996452,304.78764708917674
7880000,-3428.9823424220085,280.19648622519435
7920000,-3366.596519768238,295.22221700527365
7960000,-3441.701202765107,310.26392647555724
8000000,-3409.461561501026,309.0802083703975
8040000,-3367.0364162027836,307.17407510240025
8080000,-3357.3619793727994,290.9914928659629
8120000,-3353.0905110165477,324.99879097296196
8160000,-3416.711043804884,320.63501875728605
8200000,-3397.684698499739,291.8083471815153
8240000,-3428.365601312369,297.19078418384277
8280000,-3343.328580483794,292.11772422843035
8320000,-3299.8932741335593,293.4805283645784
8360000,-3167.3443802669644,296.26255449198806
8400000,-3338.32079783082,316.84336273157805
8440000,-3280.575759857893,317.08512324811005
8480000,-3316.587716066919,289.63471989400773
8520000,-3490.277111530304,297.61345307117494
8560000,-3399.936768054962,291.1563547590705
8600000,-3402.6034096628428,302.38406846095387
8640000,-3363.6248692274094,315.4582192838879
8680000,-3430.8560236477933,282.9249038953376
8720000,-3341.7068289518356,307.0929149450927
8760000,-3441.739824950695,286.43143251979507
8800000,-3384.895838865079,293.6176815255903
8840000,-3310.9215100444853,301.7352871036477
8880000,-3398.3575837789103,311.9488822211313
8920000,-3359.52076215297,288.9956542832738
8960000,-3296.3925691246986,276.228877461491
9000000,-3360.2298944592476,264.27226723001337
9040000,-3323.987145870924,314.97872677947663
9080000,-3378.7260462343693,294.91462961691735
9120000,-3362.9151931107044,320.2795530080482
9160000,-3347.021320015192,303.1702091244755
9200000,-3430.363556921482,319.9523019471336
9240000,-3379.471476793289,301.6752728171968
9280000,-3222.5527796093374,271.0141707176095
9320000,-3405.0308462381363,319.3293198220974
9360000,-3413.3999823331833,327.27590028540754
9400000,-3327.9731053709984,277.6479298880039
9440000,-3394.984305040911,301.96242734143874
9480000,-3390.2368776910007,303.3625941874173
9520000,-3343.1583569794893,308.23239306000215
9560000,-3409.511446774006,306.3116962078681
9600000,-3335.8266792967916,299.9251851640097
9640000,-3349.795719563961,312.67629341022416
9680000,-3355.4309064932168,326.63827580421395
9720000,-3372.9930429023225,295.83010995563086
9760000,-3373.789643937722,284.45358283063956
9800000,-3371.4586409926414,304.31773968197655
9840000,-3322.8353990465403,305.5636410001378
9880000,-3325.6025352404686,316.9640565622324
9920000,-3430.6440015994012,324.03305358091694
9960000,-3350.266019463539,331.2876139121898
10000000,-3385.0179419517517,301.280796585613
10040000,-3317.711627036333,278.6899017321675
10080000,-3345.919581115246,299.75236018659734
10120000,-3498.2449281290174,304.10297060065125
10160000,-3409.3562960624695,308.29309932317994
10200000,-3421.8287629038095,299.3524057990114
10240000,-3379.6740267947316,293.0461727060466
10280000,-3375.3942799568176,279.26082945111375
10320000,-3238.6472313404083,291.0420568341352
10360000,-3454.027900243178,321.09463855888526
10400000,-3228.9903645142913,281.0640327498924
10440000,-3354.063289671205,276.2760557865517
10480000,-3307.2634313702583,298.88420920660286
10520000,-3418.124072894454,301.74538385769796
10560000,-3332.06177175045,318.19533540142737
10600000,-3365.4870957136154,301.4454030651615
10640000,-3340.542490169406,282.56857731922133
10680000,-3312.8858588188887,299.70001446100827
10720000,-3378.023958981037,287.3264477182403
10760000,-3374.94470757246,320.35083423947117
10800000,-3383.1603202819824,297.0002260615168
10840000,-3326.8367325565778,313.4905149216367
10880000,-3351.3094547986984,313.4258727715924
10920000,-3281.2744821831584,288.12350041252296
10960000,-3370.989780664444,289.551910925508
11000000,-3430.997610092163,307.31482956179616
11040000,-3339.637423634529,301.3193157608248
11080000,-3442.8612473607063,306.03103911866566
11120000,-3417.9181376695633,276.1916120750265
11160000,-3337.843326613307,316.64111912900114
11200000,-3453.9489991366863,293.1424089978667
11240000,-3414.8050246629864,300.82588767628044
11280000,-3381.8172963932157,270.4912454916902
11320000,-3220.3337520956993,316.36747963046247
11360000,-3298.7095695436,302.4991404288738
11400000,-3376.9820890128613,290.32527185101077
11440000,-3472.137137323618,299.8121554897093
11480000,-3316.8829897791147,299.8723578928951
11520000,-3439.350733280182,304.8480112212185
11560000,-3361.783919970505,276.3038033691213
11600000,-3325.0881412029266,275.3270333209619
11640000,-3276.076941885054,311.92888722919196
11680000,-3312.0392149686813,307.9864000593458
11720000,-3319.2624030406587,305.31991094027495
11760000,-3485.1432027816772,319.4550344547255
11800000,-3449.436305999756,283.1676699558488
11840000,-3316.5372062921524,284.0179593015279
11880000,-3338.41602525115,305.6099179707721
11920000,-3369.589877843857,302.12931412467253
11960000,-3303.2650825455785,287.87249586006374
12000000,-3405.3556272006826,310.8029299734137
12040000,-3375.5655728578568,294.42745375673945
12080000,-3291.4809617001447,292.86245632449777
12120000,-3462.50820211845,282.7717634108724
12160000,-3363.060081463307,316.76963248047684
12200000,-3354.0529311299324,306.7881328699151
12240000,-3385.469441950321,287.64065642266877
12280000,-3410.3138324692845,308.2982214223962
12320000,-3265.2815855666995,323.519804772237
12360000,-3332.2040346860886,293.5056347513546
12400000,-3336.638057410717,307.2228928066755
12440000,-3365.649374037981,332.68458600266376
12480000,-3435.830269638449,316.47423819823007
12520000,-3420.7397033572197,299.88681389953217
12560000,-3464.2814665436745,315.29714930247536
12600000,-3374.5555186867714,314.6169237155859
12640000,-3318.152033173479,283.48834838921823
12680000,-3438.702449977398,292.22218711485084
12720000,-3296.7570499181747,303.9594364188741
12760000,-3392.604830414057,298.4789779972995
12800000,-3355.6462715119123,299.85234677605666
12840000,-3338.203270986676,293.781127537573
12880000,-3370.4154324680567,311.5590943798367
12920000,-3439.617327570915,286.9269286140993
12960000,-3344.470379445702,275.9116826129856
13000000,-3390.0834447443485,301.9763592385859
13040000,-3325.587885044515,291.0878925980914
13080000,-3353.7773357369006,306.7933137900181
13120000,-3430.536061093211,296.8583212859497
13160000,-3304.9940950125456,292.309365446822
13200000,-3418.757453262806,292.6067687368674
13240000,-3434.8235265389085,294.46250040238994
13280000,-3303.776616776362,316.2270601744096
13320000,-3389.766519382596,307.9073980441659
13360000,-3393.0289937108755,303.82134318400875
13400000,-3229.708000898361,295.17826703942535
13440000,-3362.0405194163322,296.6514561344457
13480000,-3378.489588037133,300.8189835965988
13520000,-3418.0403381339274,306.4119724947216
13560000,-3367.5290184766054,288.7587939072451
13600000,-3322.2920441031456,325.33114120643233
13640000,-3343.8764914274216,323.86040356558976
13680000,-3405.941615245305,286.63288874235155
13720000,-3347.9360956847668,329.8590627825737
13760000,-3413.5466415714473,305.8668058272051
13800000,-3341.8215555287898,290.01484350026124
13840000,-3434.056571082212,290.2432611484735
13880000,-3438.6776933670044,310.2164801654415
13920000,-3418.481700224802,294.7385877589971
13960000,-3367.9215637221932,324.5701065377658
14000000,-3405.973979204893,303.3169270423278
14040000,-3337.976041302085,308.26685062020897
14080000,-3358.7259089052677,311.1358666352677
14120000,-3392.4579594796523,289.3171735709736
14160000,-3397.8601536154747,306.4320771348031
14200000,-3358.0470356941223,281.3852502409109
14240000,-3286.661344885826,294.6420521829647
14280000,-3470.5440665483475,306.11720132624833
14320000,-3448.036902097985,312.9598508305668
14360000,-3360.8541850075126,300.4127910059581
14400000,-3345.3203805685043,303.56977295693304
14440000,-3352.2145056575537,313.1715118105153
14480000,-3469.57461771369,324.43423270919976
14520000,-3308.1686734333634,311.1261402648478
14560000,-3407.081955373287,297.08866533394377
14600000,-3360.646718621254,316.9142380087356
14640000,-3355.84431486181,301.7219921141446
14680000,-3288.2517337203026,334.0173226890106
14720000,-3319.811421483755,302.9548797141344
14760000,-3337.070912837982,284.6385344883919
14800000,-3415.5292062935914,288.4188295431104
14840000,-3409.312653839588,269.01095135949447
14880000,-3319.7555601596832,296.8391298692122
14920000,-3411.6892361342907,301.6625357805345
14960000,-3401.778696477413,308.54833229388566
15000000,-3346.064936889801,281.508974055181
15040000,-3389.5686190128326,300.5796584562003
15080000,-3313.5168545246124,294.15680755935506
15120000,-3399.0478749237955,293.4465800394011
15160000,-3296.8607364594936,286.44447866517856
15200000,-3357.6498695611954,328.5619926630546
15240000,-3391.3106820210814,317.26629809509296
15280000,-3374.7320662140846,295.50540036552786
15320000,-3334.4145695120096,274.8511053524295
15360000,-3314.269843697548,287.8486137864339
15400000,-3419.010044813156,286.8049887325798
15440000,-3293.8690320700407,327.6860515187501
15480000,-3352.2207097038627,306.9851680241925
15520000,-3375.823538184166,300.08987054394146
15560000,-3388.477999806404,280.9764958587938
15600000,-3365.9350232481956,332.8896570304889
15640000,-3369.434058302548,304.12582626037374
15680000,-3270.621342033148,276.07826974485545
15720000,-3388.3720790445805,319.2282440320208
15760000,-3298.255694106221,300.7322655763679
15800000,-3429.512967146933,299.4674920244696
15840000,-3332.181116461754,297.15067102248605
15880000,-3378.4400868918747,301.0488657866427
15920000,-3300.2747952640057,294.8308285010189
15960000,-3413.6325579583645,318.91129105553665
16000000,-3469.238705486059,293.1907697223422
16040000,-3356.8257992863655,289.169310011941
16080000,-3376.4832177734934,304.1147943895661
16120000,-3362.233081881888,305.50868080578283
16160000,-3355.6519160419703,312.0947710620573
16200000,-3339.330086648464,323.1905280222234
16240000,-3427.0102815709542,297.5506761245829
16280000,-3395.8593943649903,314.21872378417345
16320000,-3331.4070218596607,315.7968868553146
16360000,-3473.054876703769,281.72364304480004
16400000,-3416.24810539186,312.73191599613324
16440000,-3278.727120220661,288.6831529722574
16480000,-3342.2034518942237,294.8818869683726
16520000,-3319.5179455056787,323.0955769500871
16560000,-3385.0369386672974,263.68201045725175
16600000,-3310.4342548549175,300.58810829667965
16640000,-3324.652333408594,289.3250309195157
16680000,-3313.029160618782,300.8013796995497
16720000,-3455.099153995514,283.04388046768315
16760000,-3331.6021083556116,290.13059687914085
16800000,-3366.8478361964226,297.13044295308185
16840000,-3458.916909072548,294.433219584884
16880000,-3375.6771520376205,311.4148542561491
16920000,-3500.8894679262303,293.6741651502617
16960000,-3250.617816261947,308.80520661805434
17000000,-3337.0009933933616,292.5938656842225
17040000,-3394.9490313977003,297.52476950003626
17080000,-3236.2600338459015,284.20019620577574
17120000,-3307.2166335247457,271.99547982973405
17160000,-3396.0524668693542,314.18539621538537
17200000,-3359.85137124434,292.8275660681119
17240000,-3415.453227378428,302.7078724520576
17280000,-3417.1517202705145,314.30660030406665
17320000,-3368.20560503006,292.2816676319049
17360000,-3502.5990970134735,306.17740436743475
17400000,-3518.057551562786,315.1925764867838
17440000,-3385.418830662966,299.13172594798885
17480000,-3323.9710423350334,293.69040578759126
17520000,-3343.533652730286,279.295622996663
17560000,-3356.4676485210657,311.8478885922423
17600000,-3387.7096021920443,316.3402135087379
17640000,-3370.0886238217354,278.0556224022277
17680000,-3393.6061244010925,291.8096363112601
17720000,-3414.9702369719744,308.294325654013
17760000,-3354.2775199115276,284.78018044317434
17800000,-3372.2975540161133,312.08168968720054
17840000,-3409.401518933475,302.9398337047236
17880000,-3358.6618027687073,304.50439505308344
17920000,-3409.8702646642923,323.83491069664
17960000,-3291.6783020419534,307.9550019149173
18000000,-3362.1357211470604,282.25315662166383
18040000,-3360.5309059023857,294.8874639158592
18080000,-3386.194271683693,293.6069447168124
18120000,-3312.8488293103874,294.5635451479604
18160000,-3414.107009589672,302.48804199636885
18200000,-3332.230578020215,290.24817586424945
18240000,-3397.593485355377,280.80139936468754
18280000,-3406.1182595342398,302.91929738828804
18320000,-3313.110679626465,286.46214134650904
18360000,-3255.8783649932593,311.9813526684171
18400000,-3267.1655653119087,319.56608216852095
18440000,-3354.8368038237095,313.93175095618017
18480000,-3354.792688369751,298.01354513781286
18520000,-3283.4947120398283,319.2408569118901
18560000,-3297.250317811966,318.917141244118
18600000,-3316.1659312229604,300.0253747225485
18640000,-3495.585712977685,311.8149742246021
18680000,-3349.82881718874,302.4094150490834
18720000,-3373.8502632826567,288.7935029505728
18760000,-3467.7256692051888,305.06309639995766
18800000,-3425.6322860028595,303.0737294038088
18840000,-3326.436683654785,331.20615827848
18880000,-3372.990946725011,306.6834064949793
18920000,-3399.9704452753067,305.59822662536845
18960000,-3375.659962888807,297.14912474042825
19000000,-3374.0050925016403,286.96859091175463
19040000,-3381.990189907141,305.3258681133493
19080000,-3382.1601001895033,289.7939875897253
19120000,-3394.585069000721,290.3410635193767
19160000,-3451.0126694147475,288.74374510875094
19200000,-3282.2433507442474,294.5809165068634
19240000,-3288.835541971028,281.38151931567506
19280000,-3386.4104722738266,296.97952964037404
19320000,-3329.1428621411324,319.7882318579247
19360000,-3287.567335307598,290.8961744352621
19400000,-3350.356473684311,295.1952524120352
19440000,-3384.0738649070263,291.24993750579546
19480000,-3399.002935372293,312.39561782629255
19520000,-3402.121966600418,289.2828973841563
19560000,-3360.221667607897,291.8898573618275
19600000,-3343.5665675997734,293.7248427297148
19640000,-3439.667912557721,291.61411341900777
19680000,-3381.261817966588,303.7930446782891
19720000,-3423.5356047153473,312.8655350310357
19760000,-3479.5623147785664,284.92643431602903
19800000,-3388.4385224618018,318.1384443299686
19840000,-3364.71810551174,278.4833746256668
19880000,-3493.3202099353075,294.7628853062347
19920000,-3473.0678468346596,302.8175436995347
19960000,-3515.6530260667205,275.50146306674594
20000000,-3342.7205279543996,303.2518014332746
20040000,-3389.6070886794478,312.6342356223077
20080000,-3426.090430855751,280.42472793151836
20120000,-3453.067505054176,272.8259468035488
20160000,-3406.2642360776663,300.98349115971655
20200000,-3461.910600334406,314.1861996856518
20240000,-3460.8554338663816,327.9683286324565
20280000,-3438.915174141526,321.11387681387157
20320000,-3512.147785594687,299.7364652789534
20360000,-3456.219624578953,299.8487918795857
20400000,-3412.3208000659943,302.8247593042565
20440000,-3450.4651045054197,294.33259884245496
20480000,-3394.820621922612,326.4971390249164
20520000,-3431.948446780443,294.0426777144558
20560000,-3386.387042373419,309.90950961816657
20600000,-3467.0803710073233,298.8382867982803
20640000,-3501.5514144729823,294.59405573524964
20680000,-3382.8023451045156,281.0721863374481
20720000,-3378.352333173156,307.051687388147
20760000,-3424.1495571080595,304.8850758400489
20800000,-3478.371442526579,310.37619526975885
20840000,-3461.2920249700546,299.72269987414643
20880000,-3314.321060605347,291.8713572502308
20920000,-3471.490823507309,298.24288797687683
20960000,-3466.530336163938,292.6120507028561
21000000,-3538.04312318936,309.1289730286454
21040000,-3461.6770074367523,288.11032955760567
21080000,-3435.7840861454606,283.10808569729136
21120000,-3407.932889699936,283.6364572858223
21160000,-3350.633671402931,312.2757181208038
21200000,-3426.5895439982414,302.7068708058156
21240000,-3538.8757902039215,304.4994992378679
21280000,-3379.273976445198,296.4116880566685
21320000,-3489.0268836021423,300.80322985234767
21360000,-3489.4967985078692,291.176312038718
21400000,-3352.2120267152786,308.78237774368375
21440000,-3460.388992100954,278.19769915654416
21480000,-3416.4094572514296,294.72482549785724
21520000,-3495.6375255957246,285.1100344643781
21560000,-3384.2021423354745,296.60014238628844
21600000,-3522.1600317060947,315.83303130164234
21640000,-3431.0211010575294,298.71020914706236
21680000,-3531.3604681789875,306.7536151681006
21720000,-3367.570472324267,296.76245159630577
21760000,-3419.9419880509377,292.6320480082534
21800000,-3432.5107242651284,295.50273732006434
21840000,-3493.861063838005,313.23332139433455
21880000,-3503.165880560875,307.98750927381406
21920000,-3414.9075628221035,300.47812279096325
21960000,-3430.569558799267,278.71852598654465
22000000,-3448.083408355713,274.2529711418677
22040000,-3428.3947921004146,309.32317134619615
22080000,-3457.5156408119947,318.88984348951755
22120000,-3410.938802441582,322.2163063299143
22160000,-3472.208307992667,287.90712343990185
22200000,-3442.555780529976,303.82850082160246
22240000,-3417.559792816639,300.01870285546937
22280000,-3395.2953201681376,311.7487346426297
22320000,-3550.5771223306656,313.0714732756294
22360000,-3449.8860377324745,282.6878297636099
22400000,-3466.151991188526,318.51046042210737
22440000,-3347.7467317581177,283.5969759771554
22480000,-3468.8866121321917,291.0673787160964
22520000,-3476.6959738880396,313.4554740147284
22560000,-3361.741145968437,312.5998971839506
22600000,-3444.373938933015,302.1965832329828
22640000,-3404.104868888855,305.41111790925066
22680000,-3441.7781560719013,293.0059221174827
22720000,-3422.2530232071877,298.3789211070288
22760000,-3455.436769962311,316.48649480241346
22800000,-3488.2829609513283,276.68570388673186
22840000,-3426.3583027906716,323.3997514521689
22880000,-3488.5709616988897,297.06974656651454
22920000,-3395.058623149991,296.09719617474605
22960000,-3586.9212631583214,308.94564125312405
23000000,-3444.81984102726,301.34277493825886
23040000,-3392.9495745301247,287.5685341726794
23080000,-3537.128165319562,304.1788124267549
23120000,-3477.290121424943,295.8627330306159
23160000,-3381.209997339174,295.0409474397611
23200000,-3412.7026655450463,301.840996395273
23240000,-3440.6537225320935,291.9805545022791
23280000,-3442.2586190998554,302.24438516379274
23320000,-3431.5429337099195,288.50512269533743
23360000,-3433.6569940671325,302.77751423544794
23400000,-3553.0814176797867,307.2641834766068
23440000,-3423.7218248546124,290.804697590199
23480000,-3524.7679527178407,313.8076251351652
23520000,-3467.5298094069585,300.07069460687273
23560000,-3455.7859036698937,305.191834569756
23600000,-3489.763908185065,309.9519170640105
23640000,-3533.014231942594,300.912606762459
23680000,-3398.0037009436637,287.90355331072607
23720000,-3482.9381986260414,293.4253304931747
23760000,-3388.0208849981427,309.762335148187
23800000,-3488.255880372366,318.2132482422295
23840000,-3403.131889652461,298.93077694277525
23880000,-3333.241807848215,294.0751668119215
23920000,-3359.3685261588544,307.36834256696187
23960000,-3453.9407213054365,293.6878822277145
24000000,-3397.0047274967656,314.51455290767257
24040000,-3448.4993358813226,296.57809912951296
24080000,-3391.6402130723,280.4936518391673
24120000,-3448.0994628556073,320.36196167805247
24160000,-3470.821357488632,295.8441304455249
24200000,-3456.040152207017,303.1458340349129
24240000,-3480.7068061828613,276.8118012414324
24280000,-3455.1031170748174,291.4580748560956
24320000,-3410.267506480217,295.8382254780191
24360000,-3467.455452889204,287.2854541987957
24400000,-3552.3496918212622,301.20560903663414
24440000,-3428.9179595932364,312.8712242124661
24480000,-3468.914959356189,272.4640803792203
24520000,-3537.137343645096,316.16279602386004
24560000,-3464.657163576223,300.9651621795775
24600000,-3506.344853505492,303.5820777347282
24640000,-3494.587056416087,299.7706302711748
24680000,-3349.9147955030203,309.5102230009241
24720000,-3470.9290058640763,318.3070036285525
24760000,-3480.7067924290895,307.9300759698025
24800000,-3376.8972936570644,314.4128288762046
24840000,-3465.0016199946404,314.0951851744084
24880000,-3410.889908120036,291.4217259425535
24920000,-3487.9375153407454,300.895403236628
24960000,-3441.509073883295,291.86812837756736
25000000,-3480.7376430034637,318.83290427373134
25040000,-3462.278432428837,297.1195969900899
25080000,-3450.627137184143,289.08235389296783
25120000,-3370.2775848954916,294.5031000692965
25160000,-3428.5189697891474,305.3601047485781
25200000,-3388.205747439526,311.7459813485764
25240000,-3365.0097211003304,321.8406399077504
25280000,-3431.052955504507,283.3786500851435
25320000,-3460.4887888310477,264.07299177925364
25360000,-3411.706552505493,299.80999985690863
25400000,-3496.9135142862797,334.17676684348385
25440000,-3446.279229834676,311.1856347485497
25480000,-3504.0324801281095,285.10507243009124
25520000,-3552.7406170144677,313.79431578074815
25560000,-3412.4249997884035,293.6116658596131
25600000,-3360.424039669335,300.332723974093
25640000,-3459.0888098329306,311.9265540259007
25680000,-3435.6344412257895,286.8723806557311
25720000,-3499.358723897487,289.2889780192542
25760000,-3483.1007092918735,321.4017641742158
25800000,-3511.308344781399,307.4315511764862
25840000,-3464.8772466871887,303.08413702022034
25880000,-3453.138018053025,300.13887288460677
25920000,-3438.3048092871904,284.7242968230774
25960000,-3446.6136949062347,314.08856006358207
26000000,-3423.4964813140687,299.90903181554455
26040000,-3423.7251357976347,283.3741750825474
26080000,-3404.9779527038336,289.7806834630397
26120000,-3492.7241074058693,305.9781811212675
26160000,-3442.7726192474365,304.59808285080715
26200000,-3439.05700348923,297.0051752024246
26240000,-3498.1302435491234,297.0417513321835
26280000,-3388.723362689838,289.5807997339212
26320000,-3416.497644111514,334.379341157305
26360000,-3454.826982855797,287.2445987527646
26400000,-3475.5214336448116,280.50904625753105
26440000,-3485.015429854393,281.5680340529465
26480000,-3443.3418714429718,288.64938649267856
26520000,-3391.48117736727,296.47714812340104
26560000,-3408.061358064413,282.3454140487686
26600000,-3396.2475298047066,305.34268343313903
26640000,-3358.3792085703462,314.2128005491357
26680000,-3493.4052493423223,289.7744960272076
26720000,-3437.5993367984192,292.08423863192246
26760000,-3437.5827432647347,317.63479456172007
26800000,-3379.2330223470926,319.70755082652926
26840000,-3440.3415925502777,317.37002023133516
26880000,-3451.819206804037,303.2226590464504
26920000,-3375.2231360971928,320.08500505282507
26960000,-3378.9885703185573,292.7788955602786
27000000,-3504.1376811005175,292.40879761561246
27040000,-3413.8736066818237,284.0401327039751
27080000,-3499.0936999907717,299.43730841370314
27120000,-3382.449511349201,321.27548161851826
27160000,-3526.9218039885163,307.23819716173347
27200000,-3465.726470336318,289.4266033911844
27240000,-3473.352718114853,287.0895336150807
27280000,-3343.811501815915,291.8958877285118
27320000,-3385.820724736899,290.0641135631552
27360000,-3398.7525475025177,302.5541793322883
27400000,-3499.9103655666113,297.6975873406262
27440000,-3521.608838275075,296.73953683993614
27480000,-3347.844511181116,276.47121318467174
27520000,-3385.791051220149,290.6482319736998
27560000,-3412.9231767300516,310.54681117285287
27600000,-3395.1765077598393,289.0815939074123
27640000,-3412.271191239357,321.0137466338409
27680000,-3495.4267075657845,296.3246316937108
27720000,-3430.313403431326,284.9399429731342
27760000,-3431.5833010077477,307.77173540209156
27800000,-3403.0918542469153,290.9220161551134
27840000,-3557.2170253247023,275.38465485796087
27880000,-3446.650864955038,289.3117612433416
27920000,-3421.435992408544,289.00141663586277
27960000,-3485.5290635228157,299.11043337754677
28000000,-3407.70995298028,309.73404281364066
28040000,-3476.845855716616,303.98840556308824
28080000,-3483.8478266000748,318.93319298809985
28120000,-3466.450811818242,309.42665301411006
28160000,-3516.8584838472307,339.07246397702585
28200000,-3417.1746540074237,299.38557030904076
28240000,-3441.267431870103,297.93004427385017
28280000,-3405.7257148516364,319.8409884804771
28320000,-3462.655876152916,286.1790651483448
28360000,-3491.0064644394442,273.8199486671268
28400000,-3397.679862201214,312.6987813521618
28440000,-3435.223584577441,297.65128501371277
28480000,-3512.513862490654,319.321255104025
28520000,-3376.611730657518,315.2386537659812
28560000,-3452.0544717013836,338.87725133021274
28600000,-3476.6903151869774,293.77499798016197
28640000,-3511.9632552303374,311.83457051111077
28680000,-3440.865936806891,296.55558484588016
28720000,-3472.475630457513,298.66225124282454
28760000,-3390.206218060106,293.06952284640386
28800000,-3385.3632884025574,309.5533232649298
28840000,-3379.751875717193,294.8057372800817
28880000,-3517.963997721672,277.03851774744965
28920000,-3484.9443942308426,306.6362246507417
28960000,-3475.3485685493797,310.8973436439267
29000000,-3410.281975366175,274.9197254708461
29040000,-3446.917008527089,306.63483636272684
29080000,-3538.8946190178394,308.52245979967586
29120000,-3435.243359684944,300.34310985278586
29160000,-3525.882199689746,315.4649156716682
29200000,-3454.6707211583853,306.44645674803496
29240000,-3379.332381606102,281.2492508813872
29280000,-3515.1594574451447,306.6132392089605
29320000,-3598.085680559743,300.14468659791294
29360000,-3501.6425276310183,295.66858759461246
29400000,-3481.064541965723,290.8073802762001
29440000,-3459.3666829392314,285.54713822974156
29480000,-3394.037124454975,308.5900970913911
29520000,-3391.4126527905464,293.5397519121022
29560000,-3563.8466746360064,313.0824298072658
29600000,-3439.8959774672985,310.4910739741407
29640000,-3421.8918500691652,315.1542617587754
29680000,-3450.216375797987,299.57388492728
29720000,-3512.467752814293,317.6109045325283
29760000,-3471.3091471791267,295.63821163885814
29800000,-3594.475235313177,311.3558772605181
29840000,-3411.4660355076194,316.4574837809511
29880000,-3445.8117189630866,311.62660615670063
29920000,-3526.5512243248522,313.07229183266725
29960000,-3475.2449246793985,309.281105543173
30000000,-3379.7554851174355,304.61759743955184
30040000,-3595.7212784122676,284.7639590456147
30080000,-3499.5889160335064,284.2000168376271
30120000,-3360.416852429509,307.88024052318247
30160000,-3451.7371868789196,331.6583838236365
30200000,-3443.0320124924183,290.78502865574416
30240000,-3548.6808934360743,280.89298107577025
30280000,-3535.922942943871,288.0995607884559
30320000,-3480.797252058983,285.6119897984833
30360000,-3460.915635675192,293.87407651983307
30400000,-3469.509817123413,310.80355929838225
30440000,-3463.3039577007294,302.9463981590271
30480000,-3395.084580399096,291.14814099867056
30520000,-3379.0037975907326,320.8078179935139
30560000,-3483.101280808449,305.50588807581386
30600000,-3414.1246698722243,264.0425636994386
30640000,-3572.704233929515,313.3141447733058
30680000,-3401.795959085226,295.8773929007232
30720000,-3418.957064419985,300.60964178593986
30760000,-3367.809399589896,281.1148883577385
30800000,-3449.803058340214,312.5148177449377
30840000,-3418.5418768031523,322.51563010041303
30880000,-3525.2580743208528,284.84671220706775
30920000,-3454.7863855212927,306.3957337257289
30960000,-3422.5128269791603,326.09276362469154
31000000,-3427.6226095373277,303.75480602887995
31040000,-3531.0180656909943,316.0633889643848
31080000,-3428.8780101593584,269.6172542580494
31120000,-3446.328496581875,287.56517662880765
31160000,-3433.5604557693005,293.71238625057975
31200000,-3491.1718043088913,304.357160432711
31240000,-3349.8224310278893,297.802955949711
31280000,-3390.9929825663567,301.6605453277418
31320000,-3314.752476837486,303.9436900408388
31360000,-3443.090713918209,308.6432361607437
31400000,-3422.158834904898,301.52722794920004
31440000,-3478.3052275180817,294.3710442730243
31480000,-3411.156831175089,297.2203010140742
31520000,-3403.52566047851,285.0123170071405
31560000,-3383.989721059799,313.14541822343097
31600000,-3428.6589632108808,303.9490900761515
31640000,-3398.74243581295,300.5732796915447
31680000,-3477.944641366601,300.01235903378915
31720000,-3453.3695909325033,302.69617889081036
31760000,-3480.2193383164704,295.85356660095107
31800000,-3479.0315864812583,301.8502295003558
31840000,-3526.5089149475098,337.6290905573071
31880000,-3492.533387951553,306.3399355278678
31920000,-3522.6803127760068,305.82293080177385
31960000,-3415.1137863993645,274.9614966376818
32000000,-3454.971234889701,306.20929838789374
32040000,-3376.138541728258,286.61236796879
32080000,-3472.7715026438236,308.40731997520555
32120000,-3546.7535037249327,286.37612232976727
32160000,-3349.8200344475918,289.8283281460677
32200000,-3370.6151304990053,303.64457729674444
32240000,-3447.1073172483593,303.5736785392096
32280000,-3541.170841038227,311.27815397001336
32320000,-3460.334444642067,267.9035773011516
32360000,-3324.0519750863314,303.10389076730996
32400000,-3461.5346864890307,300.04430645437117
32440000,-3354.8737669126003,309.35309596096033
32480000,-3371.608116865158,275.1824863026885
32520000,-3528.7851169575006,277.90325912198483
32560000,-3436.6905867438763,285.4853793207774
32600000,-3455.7059137374163,297.4752651004535
32640000,-3526.509211242199,317.56760529259833
32680000,-3443.0062896311283,298.6662565827226
32720000,-3437.6728068590164,299.80748423728056
32760000,-3435.527194262366,310.3825504176213
32800000,-3424.3641098737717,308.7153680428199
32840000,-3415.289990743622,283.2523989508955
32880000,-3381.6771669532172,306.87198821980627
32920000,-3361.188946031034,297.1223921343035
32960000,-3447.903942234814,305.50131983696065
33000000,-3384.1542988866568,320.05945173624696
33040000,-3498.6072548627853,295.5626022537743
33080000,-3434.8605195879936,289.13568340773486
33120000,-3520.944711925462,313.7720410781301
33160000,-3449.0159257560736,322.5561634677166
33200000,-3378.0181427504867,284.2865597862009
33240000,-3413.7682135105133,278.10387137363176
33280000,-3423.705571681261,294.93525500318947
33320000,-3540.40532643022,285.0038311878765
33360000,-3513.7155402144417,297.25497872859444
33400000,-3488.9543841183186,296.13368563329465
33440000,-3470.1658285856247,301.52223846432014
33480000,-3414.1067049503326,273.69737319185117
33520000,-3383.628592118621,324.19916549974215
33560000,-3400.8902759701014,288.35671686348616
33600000,-3355.043224081397,304.24878004750974
33640000,-3382.7619161605835,298.3867220450242
33680000,-3327.7215126762167,294.57748629405836
33720000,-3549.5553920269012,305.63786987755117
33760000,-3388.103389143944,307.7849363695428
33800000,-3528.790279328823,319.0375775381032
33840000,-3378.17804774642,298.8307377397197
33880000,-3415.178081556398,280.1017585169282
33920000,-3495.45543885231,310.50882444534085
33960000,-3441.0950831649825,289.28658596725614
34000000,-3431.703419016674,303.3537165915045
34040000,-3424.651230931282,293.726033758352
34080000,-3382.5953141706996,306.01967765380897
34120000,-3431.0649088025093,299.6455954047062
34160000,-3449.898930490017,302.3650135187084
34200000,-3425.4252804368734,302.7389403337794
34240000,-3375.7871610131115,294.27974766926945
34280000,-3538.8956754095852,290.41910214651415
34320000,-3474.8478351379745,302.5242650543858
34360000,-3462.235413957387,323.52672231194845
34400000,-3359.138510969933,322.89961928588855
34440000,-3527.0139957666397,285.81443665993214
34480000,-3511.5489575862885,302.1062058299807
34520000,-3499.5592467188835,282.2021558752368
34560000,-3458.887442648411,329.78393888528916
34600000,-3399.5540485084057,276.812073899526
34640000,-3461.9903264045715,282.98724293754196
34680000,-3404.789030686021,301.8243454315354
34720000,-3507.4711193442345,300.5935002046293
34760000,-3390.649997666478,290.69623636331085
34800000,-3520.9727041572332,314.78306839668403
34840000,-3472.4859221428633,270.11598153017763
34880000,-3401.692279353738,299.38716002065746
34920000,-3380.1366853415966,305.3626809723224
34960000,-3437.695514589548,306.12220714687413
35000000,-3361.326804071665,333.4319829757432
35040000,-3378.0872019194067,284.5864797416281
35080000,-3417.3181214779615,276.23301313252784
35120000,-3493.2808035574853,319.3424475329775
35160000,-3385.0325030088425,289.07653870129377
35200000,-3460.3814131561667,303.99392116879994
35240000,-3495.5283581614494,303.3280533856771
35280000,-3523.231767181307,306.51254234107734
35320000,-3473.130651716143,296.74541439003764
35360000,-3347.649695020169,290.0260500825294
35400000,-3492.6662572324276,299.23135745509654
35440000,-3370.7889841687866,317.39712265614776
35480000,-3357.9691249132156,296.74095019626816
35520000,-3362.8647685050964,294.52434863132726
35560000,-3439.672483605682,305.40288233206445
35600000,-3436.0756723582745,288.94503919402734
35640000,-3476.025767300278,295.5565286746009
35680000,-3434.0873779058456,323.27916389122726
35720000,-3474.216453075409,290.12611763520533
35760000,-3535.359007075429,263.56391699913263
35800000,-3512.1388172786683,306.7961176570416
35840000,-3491.5543520348147,296.6839262221451
35880000,-3421.344168677926,281.2368465673108
35920000,-3441.3954877317883,315.174301456092
35960000,-3413.8370967507362,290.0216456569931
36000000,-3496.4086087942123,302.3430461194358
36040000,-3459.1546294277487,293.7345098997725
36080000,-3419.4052224457264,331.2088574629987
36120000,-3410.5297115445137,289.33493758151513
36160000,-3449.820525288582,312.22874302472064
36200000,-3501.4827178213745,294.0425543729859
36240000,-3459.7478836774826,310.55489560314817
36280000,-3368.984814763069,295.83787834415244
36320000,-3412.1641961932182,307.83041329958746
36360000,-3506.469886869192,281.1674766191258
36400000,-3358.4120568558574,306.68136973916904
36440000,-3393.3633008748293,304.62408700907844
36480000,-3476.817444384098,287.0066182380121
36520000,-3495.889632463455,303.23259518112235
36560000,-3472.8202210329473,295.337333886001
36600000,-3327.485924426466,307.4272142414468
36640000,-3423.9942468106747,293.6401714288423
36680000,-3471.3229231908917,265.69654352055716
36720000,-3403.3332338631153,289.46574874769766
36760000,-3398.234080613591,298.23265098628104
36800000,-3399.0389420986176,340.5783040520188
36840000,-3489.417444691062,288.29347587140836
36880000,-3455.2788569666445,311.6850088459305
36920000,-3494.409115359187,314.15418403392465
36960000,-3397.2763821035624,294.34051049063555
37000000,-3485.8843836784363,307.14942690230197
37040000,-3495.67050537467,308.93312202071195
37080000,-3557.534735172987,322.5762831774869
37120000,-3449.8516326746903,321.241361964123
37160000,-3428.008317993954,287.4473152397981
37200000,-3467.5964984297752,322.5734284641734
37240000,-3442.7665396928787,278.81903757561395
37280000,-3466.182137608528,320.48063156397467
37320000,-3431.637552060187,288.3132434397006
37360000,-3341.4535033106804,309.2522888763321
37400000,-3430.144964762032,298.58646848994044
37440000,-3547.0040826275945,297.1116759367757
37480000,-3441.7690126895905,294.43462829331327
37520000,-3522.7495198468678,293.4344501429153
37560000,-3446.0181961413473,285.49110770018854
37600000,-3426.9958795309067,294.57751943312235
37640000,-3305.579230427742,315.2055406693807
37680000,-3457.591756105423,304.2525331507047
37720000,-3451.562609910965,294.00200525269355
37760000,-3468.234136670828,321.996201087165
37800000,-3461.787129998207,295.10349051577253
37840000,-3411.0754104661755,292.0084372025026
37880000,-3402.800362288952,298.6599155908797
37920000,-3408.7958959937096,289.07717427991975
37960000,-3427.610260241665,299.37651753409517
38000000,-3379.9500957094133,300.2060903481423
38040000,-3434.4773322371766,290.7215163272699
38080000,-3526.0488146692514,294.8205985220552
38120000,-3467.891825169325,310.5434408083247
38160000,-3464.8779635205865,293.750152540697
38200000,-3368.2653017421253,292.4154379481619
38240000,-3491.135515101254,300.2214268856446
38280000,-3468.7500922605395,292.31420821893863
38320000,-3442.871905682143,311.00834740592705
38360000,-3488.951786376536,300.3218397643712
38400000,-3406.9299253821373,300.2720980689235
38440000,-3507.737223315984,319.3749200496856
38480000,-3468.876787567511,292.895271226139
38520000,-3449.5473350612447,264.9004967050707
38560000,-3419.689071793109,315.5228262752292
38600000,-3358.3459106469527,310.4390863928184
38640000,-3448.18913359195,293.3717660504205
38680000,-3378.6609812155366,311.94746261699873
38720000,-3396.749012676766,297.08479193972437
38760000,-3504.698786497116,280.6811840771882
38800000,-3431.746180729475,280.1010064229972
38840000,-3421.5710673332214,305.33239293382434
38880000,-3420.119662642479,331.2196861619332
38920000,-3421.539855785668,307.38812479105866
38960000,-3486.0692449510098,303.64638038238826
39000000,-3354.5246422616765,267.1007412335379
39040000,-3486.932579893619,301.4259008221799
39080000,-3537.2544149681926,281.4586234444415
39120000,-3416.1964146457613,293.40209061275687
39160000,-3397.051370114088,306.9322691757161
39200000,-3383.1961958408356,267.85064311875465
39240000,-3392.450559673831,303.2800712383286
39280000,-3457.399941176176,325.41652679206186
39320000,-3539.937173217535,297.51823608413787
39360000,-3410.539911960601,282.8120383564506
39400000,-3369.354263775982,283.5482742400811
39440000,-3530.885190771427,286.0837826465233
39480000,-3496.866730570793,293.0770656776629
39520000,-3423.1388016361743,297.5697098694045
39560000,-3464.5193150639534,325.7859817565011
39600000,-3489.7878132797778,320.92018071776596
39640000,-3356.4693754911423,299.64631121102536
39680000,-3403.839999695774,306.6420161524118
39720000,-3407.27789446339,295.3196676993426
39760000,-3517.6722319722176,311.4300140740215
39800000,-3390.7864422500134,323.2571887999513
39840000,-3411.2351115494967,318.76995296074506
39880000,-3497.756200529635,295.1900798945674
39920000,-3507.859526708722,326.2760766987856
39960000,-3549.3767215013504,308.69634239363654
40000000,-3334.2748669683933,301.11351060497265
